<?xml version="1.0" encoding="UTF-8"?>
<testsuites name="Compras" time="115" tests="2" failures="0" errors="0">
   <testsuite name="Compras" tests="2" failures="0" errors="0" time="115" timestamp="2018-02-01 10:09:47" hostname="behoh-tester - DESKTOP-9LJP0A4" id="Test Suites/Compras">
      <properties>
         <property name="deviceName" value=""/>
         <property name="devicePlatform" value=""/>
         <property name="logFolder" value="C:\\Users\\behoh-tester\\Katalon Studio\\Testes automatizados Producao Sebrae GO\\Reports\\Compras\\20180201_100945"/>
         <property name="logFiles" value="C:\\Users\\behoh-tester\\Katalon Studio\\Testes automatizados Producao Sebrae GO\\Reports\\Compras\\20180201_100945\\execution0.log"/>
         <property name="attachments" value=""/>
         <property name="hostName" value="behoh-tester - DESKTOP-9LJP0A4"/>
         <property name="os" value="Windows 10 64bit"/>
         <property name="katalonVersion" value="5.3.0.1"/>
         <property name="browser" value="Firefox 58.0"/>
         <property name="hostAddress" value="10.155.1.118"/>
         <property name="sessionId" value="0c3f5704-c2d8-44f2-adf4-0cf6a51d9cb5"/>
         <property name="seleniumVersion" value="3.7.1"/>
         <property name="proxyInformation" value="ProxyInformation{proxyOption=NO_PROXY, proxyServerType=HTTP, password=, proxyServerAddress=, proxyServerPort=0}"/>
         <property name="platform" value="Windows 10"/>
      </properties>
      <testcase name="Test Cases/COMPRAS/Adicionar Carrinho" classname="Test Cases/COMPRAS/Adicionar Carrinho" status="PASSED">
         <system-out><![CDATA[2018-02-01 10:09:47 - [TEST_CASE][PASSED] - Test Cases/COMPRAS/Adicionar Carrinho: Test Cases/COMPRAS/Adicionar Carrinho

2018-02-01 10:09:47 - [TEST_STEP][PASSED] - openBrowser: Browser is opened with url: ''

2018-02-01 10:09:55 - [MESSAGE][PASSED] - Browser is opened with url: ''

2018-02-01 10:09:55 - [TEST_STEP][PASSED] - navigateToUrl: Navigate to 'https://lojavirtualhomolog.sebraego.com.br/loja/' successfully

2018-02-01 10:10:01 - [MESSAGE][PASSED] - Navigate to 'https://lojavirtualhomolog.sebraego.com.br/loja/' successfully

2018-02-01 10:10:01 - [TEST_STEP][PASSED] - click: Object: 'Object Repository/AdicionarCarrinho/a_Entre' is clicked on

2018-02-01 10:10:04 - [MESSAGE][PASSED] - Object: 'Object Repository/AdicionarCarrinho/a_Entre' is clicked on

2018-02-01 10:10:04 - [TEST_STEP][PASSED] - setText: Text '10238621405' is set on object 'Object Repository/AdicionarCarrinho/input_cpf'

2018-02-01 10:10:08 - [MESSAGE][PASSED] - Text '10238621405' is set on object 'Object Repository/AdicionarCarrinho/input_cpf'

2018-02-01 10:10:08 - [TEST_STEP][PASSED] - setText: Text '1234asdF' is set on object 'Object Repository/AdicionarCarrinho/input_senha'

2018-02-01 10:10:13 - [MESSAGE][PASSED] - Text '1234asdF' is set on object 'Object Repository/AdicionarCarrinho/input_senha'

2018-02-01 10:10:13 - [TEST_STEP][PASSED] - click: Object: 'Object Repository/AdicionarCarrinho/input_ok' is clicked on

2018-02-01 10:10:16 - [MESSAGE][PASSED] - Object: 'Object Repository/AdicionarCarrinho/input_ok' is clicked on

2018-02-01 10:10:16 - [TEST_STEP][PASSED] - click: Object: 'Object Repository/AdicionarCarrinho/h3_Custos para produzir No Cam' is clicked on

2018-02-01 10:10:24 - [MESSAGE][PASSED] - Object: 'Object Repository/AdicionarCarrinho/h3_Custos para produzir No Cam' is clicked on

2018-02-01 10:10:24 - [TEST_STEP][PASSED] - click: Object: 'Object Repository/AdicionarCarrinho/a_Adicionar ao carrinho' is clicked on

2018-02-01 10:10:26 - [MESSAGE][PASSED] - Object: 'Object Repository/AdicionarCarrinho/a_Adicionar ao carrinho' is clicked on

2018-02-01 10:10:26 - [TEST_STEP][PASSED] - click: Object: 'Object Repository/AdicionarCarrinho/button_Entendi e estou de acor' is clicked on

2018-02-01 10:10:30 - [MESSAGE][PASSED] - Object: 'Object Repository/AdicionarCarrinho/button_Entendi e estou de acor' is clicked on

2018-02-01 10:10:30 - [TEST_STEP][PASSED] - click: Object: 'Object Repository/AdicionarCarrinho/div_Meu Carrinho' is clicked on

2018-02-01 10:10:32 - [MESSAGE][PASSED] - Object: 'Object Repository/AdicionarCarrinho/div_Meu Carrinho' is clicked on

2018-02-01 10:10:32 - [TEST_STEP][PASSED] - check: Object 'Object Repository/AdicionarCarrinho/span_Cursos Adicionados' is checked

2018-02-01 10:10:35 - [MESSAGE][PASSED] - Object 'Object Repository/AdicionarCarrinho/span_Cursos Adicionados' is checked

2018-02-01 10:10:35 - [TEST_STEP][PASSED] - closeBrowser: Browser is closed

2018-02-01 10:10:37 - [MESSAGE][PASSED] - Browser is closed]]></system-out>
         <system-err><![CDATA[]]></system-err>
      </testcase>
      <testcase name="Test Cases/COMPRAS/Minhas inscricoes - Concluida" classname="Test Cases/COMPRAS/Minhas inscricoes - Concluida" status="PASSED">
         <system-out><![CDATA[2018-02-01 10:10:37 - [TEST_CASE][PASSED] - Test Cases/COMPRAS/Minhas inscricoes - Concluida: Test Cases/COMPRAS/Minhas inscricoes - Concluida

2018-02-01 10:10:37 - [TEST_STEP][PASSED] - openBrowser: Browser is opened with url: ''

2018-02-01 10:10:44 - [MESSAGE][PASSED] - Browser is opened with url: ''

2018-02-01 10:10:44 - [TEST_STEP][PASSED] - navigateToUrl: Navigate to 'https://lojavirtualhomolog.sebraego.com.br/loja/' successfully

2018-02-01 10:10:50 - [MESSAGE][PASSED] - Navigate to 'https://lojavirtualhomolog.sebraego.com.br/loja/' successfully

2018-02-01 10:10:50 - [TEST_STEP][PASSED] - click: Object: 'Object Repository/MinhasInscricoes/Page_SebraeGO  Loja Virtual - Curso/a_Entre' is clicked on

2018-02-01 10:10:54 - [MESSAGE][PASSED] - Object: 'Object Repository/MinhasInscricoes/Page_SebraeGO  Loja Virtual - Curso/a_Entre' is clicked on

2018-02-01 10:10:54 - [TEST_STEP][PASSED] - setText: Text '10238621405' is set on object 'Object Repository/MinhasInscricoes/Page_SebraeGO - Loja Virtual - Logi/input_cpf'

2018-02-01 10:10:58 - [MESSAGE][PASSED] - Text '10238621405' is set on object 'Object Repository/MinhasInscricoes/Page_SebraeGO - Loja Virtual - Logi/input_cpf'

2018-02-01 10:10:58 - [TEST_STEP][PASSED] - setText: Text '1234asdF' is set on object 'Object Repository/MinhasInscricoes/Page_SebraeGO - Loja Virtual - Logi/input_senha'

2018-02-01 10:11:02 - [MESSAGE][PASSED] - Text '1234asdF' is set on object 'Object Repository/MinhasInscricoes/Page_SebraeGO - Loja Virtual - Logi/input_senha'

2018-02-01 10:11:02 - [TEST_STEP][PASSED] - click: Object: 'Object Repository/MinhasInscricoes/Page_SebraeGO - Loja Virtual - Logi/input_ok' is clicked on

2018-02-01 10:11:06 - [MESSAGE][PASSED] - Object: 'Object Repository/MinhasInscricoes/Page_SebraeGO - Loja Virtual - Logi/input_ok' is clicked on

2018-02-01 10:11:06 - [TEST_STEP][PASSED] - click: Object: 'Object Repository/MinhasInscricoes/Page_SebraeGO  Loja Virtual - Curso/span_caret' is clicked on

2018-02-01 10:11:08 - [MESSAGE][PASSED] - Object: 'Object Repository/MinhasInscricoes/Page_SebraeGO  Loja Virtual - Curso/span_caret' is clicked on

2018-02-01 10:11:08 - [TEST_STEP][PASSED] - click: Object: 'Object Repository/MinhasInscricoes/Page_SebraeGO  Loja Virtual - Curso/a_Minhas inscries' is clicked on

2018-02-01 10:11:12 - [MESSAGE][PASSED] - Object: 'Object Repository/MinhasInscricoes/Page_SebraeGO  Loja Virtual - Curso/a_Minhas inscries' is clicked on

2018-02-01 10:11:12 - [TEST_STEP][PASSED] - selectOptionByValue: All options with value '2' are selected in object 'Object Repository/MinhasInscricoes/Page_SebraeGO  Loja Virtual - Minha/select_Selecione um statusPEND'  using regular expression

2018-02-01 10:11:30 - [MESSAGE][PASSED] - All options with value '2' are selected in object 'Object Repository/MinhasInscricoes/Page_SebraeGO  Loja Virtual - Minha/select_Selecione um statusPEND'  using regular expression

2018-02-01 10:11:30 - [TEST_STEP][PASSED] - click: Object: 'Object Repository/MinhasInscricoes/Page_SebraeGO  Loja Virtual - Minha/input_btnFiltrar' is clicked on

2018-02-01 10:11:33 - [MESSAGE][PASSED] - Object: 'Object Repository/MinhasInscricoes/Page_SebraeGO  Loja Virtual - Minha/input_btnFiltrar' is clicked on

2018-02-01 10:11:33 - [TEST_STEP][PASSED] - check: Object 'Object Repository/MinhasInscricoes/Page_SebraeGO  Loja Virtual - Minha/a_Comprovante de inscrio' is checked

2018-02-01 10:11:41 - [MESSAGE][PASSED] - Object 'Object Repository/MinhasInscricoes/Page_SebraeGO  Loja Virtual - Minha/a_Comprovante de inscrio' is checked

2018-02-01 10:11:41 - [TEST_STEP][PASSED] - closeBrowser: Browser is closed

2018-02-01 10:11:42 - [MESSAGE][PASSED] - Browser is closed]]></system-out>
         <system-err><![CDATA[]]></system-err>
      </testcase>
      <system-out><![CDATA[2018-02-01 10:09:47 - [TEST_SUITE][PASSED] - Compras: Test Cases/COMPRAS/Minhas inscricoes - Concluida]]></system-out>
      <system-err><![CDATA[]]></system-err>
   </testsuite>
</testsuites>
