<?xml version="1.0" encoding="UTF-8"?>
<testsuites name="Validacao Campos" time="73" tests="1" failures="1" errors="0">
   <testsuite name="Validacao Campos" tests="1" failures="1" errors="0" time="73" timestamp="2018-01-25 15:19:34" hostname="behoh-tester - DESKTOP-9LJP0A4" id="Test Suites/Validacao Campos">
      <properties>
         <property name="deviceName" value=""/>
         <property name="devicePlatform" value=""/>
         <property name="logFolder" value="C:\\Users\\behoh-tester\\Katalon Studio\\Testes automatizados Producao Sebrae GO\\Reports\\Validacao Campos\\20180125_151932"/>
         <property name="logFiles" value="C:\\Users\\behoh-tester\\Katalon Studio\\Testes automatizados Producao Sebrae GO\\Reports\\Validacao Campos\\20180125_151932\\execution0.log"/>
         <property name="attachments" value="C:\\Users\\behoh-tester\\Katalon Studio\\Testes automatizados Producao Sebrae GO\\Reports\\Validacao Campos\\20180125_151932\\1516904422544.png"/>
         <property name="hostName" value="behoh-tester - DESKTOP-9LJP0A4"/>
         <property name="os" value="Windows 10 64bit"/>
         <property name="katalonVersion" value="5.2.0.1"/>
         <property name="browser" value="Firefox 58.0"/>
         <property name="hostAddress" value="10.155.1.118"/>
         <property name="sessionId" value="91aeb0ed-b096-4968-928f-4574c827f7a5"/>
         <property name="seleniumVersion" value="3.7.1"/>
         <property name="proxyInformation" value="ProxyInformation{proxyOption=NO_PROXY, proxyServerType=HTTP, password=, proxyServerAddress=, proxyServerPort=0}"/>
         <property name="platform" value="Windows 10"/>
      </properties>
      <testcase name="Test Cases/Verificar Titular Cartao" classname="Test Cases/Verificar Titular Cartao" status="FAILED">
         <failure type="FAILED" message="Unable to double click on object 'Object Repository/VerificarTitularCartao/h3_TESTE - LOJA VIRTUAL - OFIC' (Root cause: com.kms.katalon.core.webui.exception.WebElementNotFoundException: Web element with id: 'Object Repository/VerificarTitularCartao/h3_TESTE - LOJA VIRTUAL - OFIC' located by 'By.xpath: //h3[count(. | //*[@class = 'tituloCurso']) = count(//*[@class = 'tituloCurso'])][count(. | //*[@title = 'TESTE - LOJA VIRTUAL - OFICINA NA MEDIDA']) = count(//*[@title = 'TESTE - LOJA VIRTUAL - OFICINA NA MEDIDA'])][count(. | //*[text() = 'TESTE - LOJA VIRTUAL - OFICINA NA MEDIDA']) = count(//*[text() = 'TESTE - LOJA VIRTUAL - OFICINA NA MEDIDA'])][count(. | id(&quot;principal&quot;)/div[@class=&quot;lista_principal row&quot;]/div[@id=&quot;dtl1738061&quot;]/div[@id=&quot;dtl1738061&quot;]/div[@class=&quot;margin&quot;]/a[1]/h3[@class=&quot;tituloCurso&quot;]) = count(id(&quot;principal&quot;)/div[@class=&quot;lista_principal row&quot;]/div[@id=&quot;dtl1738061&quot;]/div[@id=&quot;dtl1738061&quot;]/div[@class=&quot;margin&quot;]/a[1]/h3[@class=&quot;tituloCurso&quot;])]' not found)"/>
         <system-out><![CDATA[2018-01-25 15:19:34 - [TEST_CASE][FAILED] - Test Cases/Verificar Titular Cartao: Test Cases/Verificar Titular Cartao FAILED because (of) Unable to double click on object 'Object Repository/VerificarTitularCartao/h3_TESTE - LOJA VIRTUAL - OFIC' (Root cause: com.kms.katalon.core.webui.exception.WebElementNotFoundException: Web element with id: 'Object Repository/VerificarTitularCartao/h3_TESTE - LOJA VIRTUAL - OFIC' located by 'By.xpath: //h3[count(. | //*[@class = 'tituloCurso']) = count(//*[@class = 'tituloCurso'])][count(. | //*[@title = 'TESTE - LOJA VIRTUAL - OFICINA NA MEDIDA']) = count(//*[@title = 'TESTE - LOJA VIRTUAL - OFICINA NA MEDIDA'])][count(. | //*[text() = 'TESTE - LOJA VIRTUAL - OFICINA NA MEDIDA']) = count(//*[text() = 'TESTE - LOJA VIRTUAL - OFICINA NA MEDIDA'])][count(. | id("principal")/div[@class="lista_principal row"]/div[@id="dtl1738061"]/div[@id="dtl1738061"]/div[@class="margin"]/a[1]/h3[@class="tituloCurso"]) = count(id("principal")/div[@class="lista_principal row"]/div[@id="dtl1738061"]/div[@id="dtl1738061"]/div[@class="margin"]/a[1]/h3[@class="tituloCurso"])]' not found)

2018-01-25 15:19:35 - [TEST_STEP][PASSED] - openBrowser: Browser is opened with url: ''

2018-01-25 15:19:40 - [MESSAGE][PASSED] - Browser is opened with url: ''

2018-01-25 15:19:40 - [TEST_STEP][PASSED] - navigateToUrl: Navigate to 'https://lojavirtualhomolog.sebraego.com.br/loja/' successfully

2018-01-25 15:19:45 - [MESSAGE][PASSED] - Navigate to 'https://lojavirtualhomolog.sebraego.com.br/loja/' successfully

2018-01-25 15:19:45 - [TEST_STEP][PASSED] - click: Object: 'Object Repository/VerificarTitularCartao/a_Entre' is clicked on

2018-01-25 15:19:47 - [MESSAGE][PASSED] - Object: 'Object Repository/VerificarTitularCartao/a_Entre' is clicked on

2018-01-25 15:19:47 - [TEST_STEP][PASSED] - setText: Text '10238621405' is set on object 'Object Repository/VerificarTitularCartao/input_cpf'

2018-01-25 15:19:47 - [MESSAGE][PASSED] - Text '10238621405' is set on object 'Object Repository/VerificarTitularCartao/input_cpf'

2018-01-25 15:19:47 - [TEST_STEP][PASSED] - setText: Text '1234asdF' is set on object 'Object Repository/VerificarTitularCartao/input_senha'

2018-01-25 15:19:47 - [MESSAGE][PASSED] - Text '1234asdF' is set on object 'Object Repository/VerificarTitularCartao/input_senha'

2018-01-25 15:19:47 - [TEST_STEP][PASSED] - click: Object: 'Object Repository/VerificarTitularCartao/input_ok' is clicked on

2018-01-25 15:19:51 - [MESSAGE][PASSED] - Object: 'Object Repository/VerificarTitularCartao/input_ok' is clicked on

2018-01-25 15:19:51 - [TEST_STEP][FAILED] - doubleClick: Unable to double click on object 'Object Repository/VerificarTitularCartao/h3_TESTE - LOJA VIRTUAL - OFIC' (Root cause: com.kms.katalon.core.webui.exception.WebElementNotFoundException: Web element with id: 'Object Repository/VerificarTitularCartao/h3_TESTE - LOJA VIRTUAL - OFIC' located by 'By.xpath: //h3[count(. | //*[@class = 'tituloCurso']) = count(//*[@class = 'tituloCurso'])][count(. | //*[@title = 'TESTE - LOJA VIRTUAL - OFICINA NA MEDIDA']) = count(//*[@title = 'TESTE - LOJA VIRTUAL - OFICINA NA MEDIDA'])][count(. | //*[text() = 'TESTE - LOJA VIRTUAL - OFICINA NA MEDIDA']) = count(//*[text() = 'TESTE - LOJA VIRTUAL - OFICINA NA MEDIDA'])][count(. | id("principal")/div[@class="lista_principal row"]/div[@id="dtl1738061"]/div[@id="dtl1738061"]/div[@class="margin"]/a[1]/h3[@class="tituloCurso"]) = count(id("principal")/div[@class="lista_principal row"]/div[@id="dtl1738061"]/div[@id="dtl1738061"]/div[@class="margin"]/a[1]/h3[@class="tituloCurso"])]' not found)

2018-01-25 15:20:22 - [MESSAGE][FAILED] - Unable to double click on object 'Object Repository/VerificarTitularCartao/h3_TESTE - LOJA VIRTUAL - OFIC' (Root cause: com.kms.katalon.core.webui.exception.WebElementNotFoundException: Web element with id: 'Object Repository/VerificarTitularCartao/h3_TESTE - LOJA VIRTUAL - OFIC' located by 'By.xpath: //h3[count(. | //*[@class = 'tituloCurso']) = count(//*[@class = 'tituloCurso'])][count(. | //*[@title = 'TESTE - LOJA VIRTUAL - OFICINA NA MEDIDA']) = count(//*[@title = 'TESTE - LOJA VIRTUAL - OFICINA NA MEDIDA'])][count(. | //*[text() = 'TESTE - LOJA VIRTUAL - OFICINA NA MEDIDA']) = count(//*[text() = 'TESTE - LOJA VIRTUAL - OFICINA NA MEDIDA'])][count(. | id("principal")/div[@class="lista_principal row"]/div[@id="dtl1738061"]/div[@id="dtl1738061"]/div[@class="margin"]/a[1]/h3[@class="tituloCurso"]) = count(id("principal")/div[@class="lista_principal row"]/div[@id="dtl1738061"]/div[@id="dtl1738061"]/div[@class="margin"]/a[1]/h3[@class="tituloCurso"])]' not found)
[[ATTACHMENT|C:\\Users\\behoh-tester\\Katalon Studio\\Testes automatizados Producao Sebrae GO\\Reports\\Validacao Campos\\20180125_151932\\1516904422544.png]]]]></system-out>
         <system-err><![CDATA[2018-01-25 15:19:34 - [TEST_CASE][FAILED] - Test Cases/Verificar Titular Cartao: Test Cases/Verificar Titular Cartao FAILED because (of) Unable to double click on object 'Object Repository/VerificarTitularCartao/h3_TESTE - LOJA VIRTUAL - OFIC' (Root cause: com.kms.katalon.core.webui.exception.WebElementNotFoundException: Web element with id: 'Object Repository/VerificarTitularCartao/h3_TESTE - LOJA VIRTUAL - OFIC' located by 'By.xpath: //h3[count(. | //*[@class = 'tituloCurso']) = count(//*[@class = 'tituloCurso'])][count(. | //*[@title = 'TESTE - LOJA VIRTUAL - OFICINA NA MEDIDA']) = count(//*[@title = 'TESTE - LOJA VIRTUAL - OFICINA NA MEDIDA'])][count(. | //*[text() = 'TESTE - LOJA VIRTUAL - OFICINA NA MEDIDA']) = count(//*[text() = 'TESTE - LOJA VIRTUAL - OFICINA NA MEDIDA'])][count(. | id("principal")/div[@class="lista_principal row"]/div[@id="dtl1738061"]/div[@id="dtl1738061"]/div[@class="margin"]/a[1]/h3[@class="tituloCurso"]) = count(id("principal")/div[@class="lista_principal row"]/div[@id="dtl1738061"]/div[@id="dtl1738061"]/div[@class="margin"]/a[1]/h3[@class="tituloCurso"])]' not found)]]></system-err>
      </testcase>
      <testcase name="Test Cases/Verificar Email Rodape" classname="Test Cases/Verificar Email Rodape" status="PASSED">
         <system-out><![CDATA[2018-01-25 15:20:22 - [TEST_CASE][PASSED] - Test Cases/Verificar Email Rodape: Test Cases/Verificar Email Rodape

2018-01-25 15:20:22 - [TEST_STEP][PASSED] - openBrowser: Browser is opened with url: ''

2018-01-25 15:20:22 - [MESSAGE][WARNING] - A browser is already opened. Closing browser and opening a new one

2018-01-25 15:20:41 - [MESSAGE][PASSED] - Browser is opened with url: ''

2018-01-25 15:20:41 - [TEST_STEP][PASSED] - navigateToUrl: Navigate to 'https://lojavirtualhomolog.sebraego.com.br/loja/' successfully

2018-01-25 15:20:47 - [MESSAGE][PASSED] - Navigate to 'https://lojavirtualhomolog.sebraego.com.br/loja/' successfully

2018-01-25 15:20:47 - [TEST_STEP][PASSED] - check: Object 'Object Repository/ValidacaoEmail/p_atendimentosebraego.com.br' is checked

2018-01-25 15:20:47 - [MESSAGE][PASSED] - Object 'Object Repository/ValidacaoEmail/p_atendimentosebraego.com.br' is checked

2018-01-25 15:20:47 - [TEST_STEP][PASSED] - closeBrowser: Browser is closed

2018-01-25 15:20:47 - [MESSAGE][PASSED] - Browser is closed]]></system-out>
         <system-err><![CDATA[]]></system-err>
      </testcase>
      <system-out><![CDATA[2018-01-25 15:19:34 - [TEST_SUITE][FAILED] - Validacao Campos: Test Cases/Verificar Titular Cartao FAILED because (of) Unable to double click on object 'Object Repository/VerificarTitularCartao/h3_TESTE - LOJA VIRTUAL - OFIC' (Root cause: com.kms.katalon.core.webui.exception.WebElementNotFoundException: Web element with id: 'Object Repository/VerificarTitularCartao/h3_TESTE - LOJA VIRTUAL - OFIC' located by 'By.xpath: //h3[count(. | //*[@class = 'tituloCurso']) = count(//*[@class = 'tituloCurso'])][count(. | //*[@title = 'TESTE - LOJA VIRTUAL - OFICINA NA MEDIDA']) = count(//*[@title = 'TESTE - LOJA VIRTUAL - OFICINA NA MEDIDA'])][count(. | //*[text() = 'TESTE - LOJA VIRTUAL - OFICINA NA MEDIDA']) = count(//*[text() = 'TESTE - LOJA VIRTUAL - OFICINA NA MEDIDA'])][count(. | id("principal")/div[@class="lista_principal row"]/div[@id="dtl1738061"]/div[@id="dtl1738061"]/div[@class="margin"]/a[1]/h3[@class="tituloCurso"]) = count(id("principal")/div[@class="lista_principal row"]/div[@id="dtl1738061"]/div[@id="dtl1738061"]/div[@class="margin"]/a[1]/h3[@class="tituloCurso"])]' not found)]]></system-out>
      <system-err><![CDATA[2018-01-25 15:19:34 - [TEST_SUITE][FAILED] - Validacao Campos: Test Cases/Verificar Titular Cartao FAILED because (of) Unable to double click on object 'Object Repository/VerificarTitularCartao/h3_TESTE - LOJA VIRTUAL - OFIC' (Root cause: com.kms.katalon.core.webui.exception.WebElementNotFoundException: Web element with id: 'Object Repository/VerificarTitularCartao/h3_TESTE - LOJA VIRTUAL - OFIC' located by 'By.xpath: //h3[count(. | //*[@class = 'tituloCurso']) = count(//*[@class = 'tituloCurso'])][count(. | //*[@title = 'TESTE - LOJA VIRTUAL - OFICINA NA MEDIDA']) = count(//*[@title = 'TESTE - LOJA VIRTUAL - OFICINA NA MEDIDA'])][count(. | //*[text() = 'TESTE - LOJA VIRTUAL - OFICINA NA MEDIDA']) = count(//*[text() = 'TESTE - LOJA VIRTUAL - OFICINA NA MEDIDA'])][count(. | id("principal")/div[@class="lista_principal row"]/div[@id="dtl1738061"]/div[@id="dtl1738061"]/div[@class="margin"]/a[1]/h3[@class="tituloCurso"]) = count(id("principal")/div[@class="lista_principal row"]/div[@id="dtl1738061"]/div[@id="dtl1738061"]/div[@class="margin"]/a[1]/h3[@class="tituloCurso"])]' not found)]]></system-err>
   </testsuite>
</testsuites>
