<?xml version="1.0" encoding="UTF-8"?>
<testsuites name="Pag Entre" time="138" tests="1" failures="2" errors="0">
   <testsuite name="Pag Entre" tests="1" failures="2" errors="0" time="138" timestamp="2018-02-05 14:09:52" hostname="behoh-tester - DESKTOP-9LJP0A4" id="Test Suites/Pag Entre">
      <properties>
         <property name="deviceName" value=""/>
         <property name="devicePlatform" value=""/>
         <property name="logFolder" value="C:\\Users\\behoh-tester\\Katalon Studio\\Testes automatizados Producao Sebrae GO\\Reports\\Pag Entre\\20180205_140722"/>
         <property name="logFiles" value="C:\\Users\\behoh-tester\\Katalon Studio\\Testes automatizados Producao Sebrae GO\\Reports\\Pag Entre\\20180205_140722\\execution0.log"/>
         <property name="attachments" value="C:\\Users\\behoh-tester\\Katalon Studio\\Testes automatizados Producao Sebrae GO\\Reports\\Pag Entre\\20180205_140722\\1517850655087.png, C:\\Users\\behoh-tester\\Katalon Studio\\Testes automatizados Producao Sebrae GO\\Reports\\Pag Entre\\20180205_140722\\1517850728925.png"/>
         <property name="hostName" value="behoh-tester - DESKTOP-9LJP0A4"/>
         <property name="os" value="Windows 10 64bit"/>
         <property name="katalonVersion" value="5.3.0.1"/>
         <property name="browser" value="Firefox 58.0"/>
         <property name="hostAddress" value="10.155.1.119"/>
         <property name="sessionId" value="cdd42dfc-11ed-4d1f-936e-90b6aa3ce820"/>
         <property name="seleniumVersion" value="3.7.1"/>
         <property name="proxyInformation" value="ProxyInformation{proxyOption=NO_PROXY, proxyServerType=HTTP, password=, proxyServerAddress=, proxyServerPort=0}"/>
         <property name="platform" value="Windows 10"/>
      </properties>
      <testcase name="Test Cases/ENTRE/Login Valido" classname="Test Cases/ENTRE/Login Valido" status="FAILED">
         <failure type="FAILED" message="Unable to check object 'Object Repository/LoginValido/Page_SebraeGO  Loja Virtual - Curso/b_Utilize qualquer opo para lo' (Root cause: com.kms.katalon.core.webui.exception.WebElementNotFoundException: Web element with id: 'Object Repository/LoginValido/Page_SebraeGO  Loja Virtual - Curso/b_Utilize qualquer opo para lo' located by 'By.xpath: id(&quot;principal&quot;)/div[@class=&quot;busca_evento_desktop&quot;]/p[1]/b[1][count(. | //*[(text() = 'Utilize qualquer opção para localizar eventos: ' or . = 'Utilize qualquer opção para localizar eventos: ')]) = count(//*[(text() = 'Utilize qualquer opção para localizar eventos: ' or . = 'Utilize qualquer opção para localizar eventos: ')])]' not found)"/>
         <system-out><![CDATA[2018-02-05 14:09:52 - [TEST_CASE][FAILED] - Test Cases/ENTRE/Login Valido: Test Cases/ENTRE/Login Valido FAILED because (of) Unable to check object 'Object Repository/LoginValido/Page_SebraeGO  Loja Virtual - Curso/b_Utilize qualquer opo para lo' (Root cause: com.kms.katalon.core.webui.exception.WebElementNotFoundException: Web element with id: 'Object Repository/LoginValido/Page_SebraeGO  Loja Virtual - Curso/b_Utilize qualquer opo para lo' located by 'By.xpath: id("principal")/div[@class="busca_evento_desktop"]/p[1]/b[1][count(. | //*[(text() = 'Utilize qualquer opção para localizar eventos: ' or . = 'Utilize qualquer opção para localizar eventos: ')]) = count(//*[(text() = 'Utilize qualquer opção para localizar eventos: ' or . = 'Utilize qualquer opção para localizar eventos: ')])]' not found)

2018-02-05 14:09:52 - [TEST_STEP][PASSED] - openBrowser: Browser is opened with url: ''

2018-02-05 14:10:01 - [MESSAGE][PASSED] - Browser is opened with url: ''

2018-02-05 14:10:01 - [TEST_STEP][PASSED] - navigateToUrl: Navigate to 'https://lojavirtualhomolog.sebraego.com.br/loja/' successfully

2018-02-05 14:10:07 - [MESSAGE][PASSED] - Navigate to 'https://lojavirtualhomolog.sebraego.com.br/loja/' successfully

2018-02-05 14:10:07 - [TEST_STEP][PASSED] - click: Object: 'Object Repository/LoginValido/Page_SebraeGO  Loja Virtual - Curso/a_Entre' is clicked on

2018-02-05 14:10:10 - [MESSAGE][PASSED] - Object: 'Object Repository/LoginValido/Page_SebraeGO  Loja Virtual - Curso/a_Entre' is clicked on

2018-02-05 14:10:10 - [TEST_STEP][PASSED] - setText: Text '10238621405' is set on object 'Object Repository/LoginValido/Page_SebraeGO - Loja Virtual - Logi/input_cpf'

2018-02-05 14:10:14 - [MESSAGE][PASSED] - Text '10238621405' is set on object 'Object Repository/LoginValido/Page_SebraeGO - Loja Virtual - Logi/input_cpf'

2018-02-05 14:10:15 - [TEST_STEP][PASSED] - setText: Text '1234asdF' is set on object 'Object Repository/LoginValido/Page_SebraeGO - Loja Virtual - Logi/input_senha'

2018-02-05 14:10:19 - [MESSAGE][PASSED] - Text '1234asdF' is set on object 'Object Repository/LoginValido/Page_SebraeGO - Loja Virtual - Logi/input_senha'

2018-02-05 14:10:19 - [TEST_STEP][PASSED] - click: Object: 'Object Repository/LoginValido/Page_SebraeGO - Loja Virtual - Logi/input_ok' is clicked on

2018-02-05 14:10:24 - [MESSAGE][PASSED] - Object: 'Object Repository/LoginValido/Page_SebraeGO - Loja Virtual - Logi/input_ok' is clicked on

2018-02-05 14:10:24 - [TEST_STEP][FAILED] - check: Unable to check object 'Object Repository/LoginValido/Page_SebraeGO  Loja Virtual - Curso/b_Utilize qualquer opo para lo' (Root cause: com.kms.katalon.core.webui.exception.WebElementNotFoundException: Web element with id: 'Object Repository/LoginValido/Page_SebraeGO  Loja Virtual - Curso/b_Utilize qualquer opo para lo' located by 'By.xpath: id("principal")/div[@class="busca_evento_desktop"]/p[1]/b[1][count(. | //*[(text() = 'Utilize qualquer opção para localizar eventos: ' or . = 'Utilize qualquer opção para localizar eventos: ')]) = count(//*[(text() = 'Utilize qualquer opção para localizar eventos: ' or . = 'Utilize qualquer opção para localizar eventos: ')])]' not found)

2018-02-05 14:10:56 - [MESSAGE][FAILED] - Unable to check object 'Object Repository/LoginValido/Page_SebraeGO  Loja Virtual - Curso/b_Utilize qualquer opo para lo' (Root cause: com.kms.katalon.core.webui.exception.WebElementNotFoundException: Web element with id: 'Object Repository/LoginValido/Page_SebraeGO  Loja Virtual - Curso/b_Utilize qualquer opo para lo' located by 'By.xpath: id("principal")/div[@class="busca_evento_desktop"]/p[1]/b[1][count(. | //*[(text() = 'Utilize qualquer opção para localizar eventos: ' or . = 'Utilize qualquer opção para localizar eventos: ')]) = count(//*[(text() = 'Utilize qualquer opção para localizar eventos: ' or . = 'Utilize qualquer opção para localizar eventos: ')])]' not found)
[[ATTACHMENT|C:\\Users\\behoh-tester\\Katalon Studio\\Testes automatizados Producao Sebrae GO\\Reports\\Pag Entre\\20180205_140722\\1517850655087.png]]]]></system-out>
         <system-err><![CDATA[2018-02-05 14:09:52 - [TEST_CASE][FAILED] - Test Cases/ENTRE/Login Valido: Test Cases/ENTRE/Login Valido FAILED because (of) Unable to check object 'Object Repository/LoginValido/Page_SebraeGO  Loja Virtual - Curso/b_Utilize qualquer opo para lo' (Root cause: com.kms.katalon.core.webui.exception.WebElementNotFoundException: Web element with id: 'Object Repository/LoginValido/Page_SebraeGO  Loja Virtual - Curso/b_Utilize qualquer opo para lo' located by 'By.xpath: id("principal")/div[@class="busca_evento_desktop"]/p[1]/b[1][count(. | //*[(text() = 'Utilize qualquer opção para localizar eventos: ' or . = 'Utilize qualquer opção para localizar eventos: ')]) = count(//*[(text() = 'Utilize qualquer opção para localizar eventos: ' or . = 'Utilize qualquer opção para localizar eventos: ')])]' not found)]]></system-err>
      </testcase>
      <testcase name="Test Cases/ENTRE/RecuperacaoSenha" classname="Test Cases/ENTRE/RecuperacaoSenha" status="PASSED">
         <system-out><![CDATA[2018-02-05 14:10:56 - [TEST_CASE][PASSED] - Test Cases/ENTRE/RecuperacaoSenha: Test Cases/ENTRE/RecuperacaoSenha

2018-02-05 14:10:56 - [TEST_STEP][PASSED] - openBrowser: Browser is opened with url: ''

2018-02-05 14:10:56 - [MESSAGE][WARNING] - A browser is already opened. Closing browser and opening a new one

2018-02-05 14:11:05 - [MESSAGE][PASSED] - Browser is opened with url: ''

2018-02-05 14:11:05 - [TEST_STEP][PASSED] - navigateToUrl: Navigate to 'https://lojavirtualhomolog.sebraego.com.br/loja/' successfully

2018-02-05 14:11:14 - [MESSAGE][PASSED] - Navigate to 'https://lojavirtualhomolog.sebraego.com.br/loja/' successfully

2018-02-05 14:11:14 - [TEST_STEP][PASSED] - click: Object: 'Object Repository/RecuperarSenha/a_Entre' is clicked on

2018-02-05 14:11:17 - [MESSAGE][PASSED] - Object: 'Object Repository/RecuperarSenha/a_Entre' is clicked on

2018-02-05 14:11:17 - [TEST_STEP][PASSED] - click: Object: 'Object Repository/RecuperarSenha/a_No possuo ou esqueci minha s' is clicked on

2018-02-05 14:11:19 - [MESSAGE][PASSED] - Object: 'Object Repository/RecuperarSenha/a_No possuo ou esqueci minha s' is clicked on

2018-02-05 14:11:19 - [TEST_STEP][PASSED] - delay: Delayed 3 second(s)

2018-02-05 14:11:22 - [MESSAGE][PASSED] - Delayed 3 second(s)

2018-02-05 14:11:22 - [TEST_STEP][PASSED] - setText: Text '10238621405' is set on object 'Object Repository/RecuperarSenha/input_emailRecuperacao'

2018-02-05 14:11:26 - [MESSAGE][PASSED] - Text '10238621405' is set on object 'Object Repository/RecuperarSenha/input_emailRecuperacao'

2018-02-05 14:11:26 - [TEST_STEP][PASSED] - click: Object: 'Object Repository/RecuperarSenha/a_Receber email' is clicked on

2018-02-05 14:11:29 - [MESSAGE][PASSED] - Object: 'Object Repository/RecuperarSenha/a_Receber email' is clicked on

2018-02-05 14:11:29 - [TEST_STEP][PASSED] - check: Object 'Object Repository/RecuperarSenha/span_Um e-mail de confirmao fo' is checked

2018-02-05 14:11:32 - [MESSAGE][PASSED] - Object 'Object Repository/RecuperarSenha/span_Um e-mail de confirmao fo' is checked

2018-02-05 14:11:32 - [TEST_STEP][PASSED] - closeBrowser: Browser is closed

2018-02-05 14:11:33 - [MESSAGE][PASSED] - Browser is closed]]></system-out>
         <system-err><![CDATA[]]></system-err>
      </testcase>
      <testcase name="Test Cases/ENTRE/Meus dados - Alterar Senha" classname="Test Cases/ENTRE/Meus dados - Alterar Senha" status="FAILED">
         <failure type="FAILED" message="Unable to click on object 'Object Repository/Alterar Senha/Page_SebraeGO  Loja Virtual - Curso/span_rea do cliente' (Root cause: org.openqa.selenium.ElementClickInterceptedException: Element &lt;button class=&quot;btn btn-default dropdown-toggle btnLogado&quot; type=&quot;button&quot;> is not clickable at point (1179.324935913086,30) because another element &lt;div id=&quot;modal_dados_atualizados&quot; class=&quot;modal fade in&quot;> obscures it
Build info: version: '3.7.1', revision: '8a0099a', time: '2017-11-06T21:07:36.161Z'
System info: host: 'DESKTOP-9LJP0A4', ip: '10.155.1.119', os.name: 'Windows 10', os.arch: 'amd64', os.version: '10.0', java.version: '1.8.0_102'
Driver info: com.kms.katalon.core.webui.driver.firefox.CGeckoDriver
Capabilities {acceptInsecureCerts: true, browserName: firefox, browserVersion: 58.0.1, javascriptEnabled: true, moz:accessibilityChecks: false, moz:headless: false, moz:processID: 3116, moz:profile: C:\Users\behoh-tester\AppDa..., moz:webdriverClick: true, pageLoadStrategy: normal, platform: XP, platformName: XP, platformVersion: 10.0, proxy: Proxy(direct), rotatable: false, timeouts: {implicit: 0, pageLoad: 300000, script: 30000}}
Session ID: cdd42dfc-11ed-4d1f-936e-90b6aa3ce820)"/>
         <system-out><![CDATA[2018-02-05 14:11:33 - [TEST_CASE][FAILED] - Test Cases/ENTRE/Meus dados - Alterar Senha: Test Cases/ENTRE/Meus dados - Alterar Senha FAILED because (of) Unable to click on object 'Object Repository/Alterar Senha/Page_SebraeGO  Loja Virtual - Curso/span_rea do cliente' (Root cause: org.openqa.selenium.ElementClickInterceptedException: Element <button class="btn btn-default dropdown-toggle btnLogado" type="button"> is not clickable at point (1179.324935913086,30) because another element <div id="modal_dados_atualizados" class="modal fade in"> obscures it
Build info: version: '3.7.1', revision: '8a0099a', time: '2017-11-06T21:07:36.161Z'
System info: host: 'DESKTOP-9LJP0A4', ip: '10.155.1.119', os.name: 'Windows 10', os.arch: 'amd64', os.version: '10.0', java.version: '1.8.0_102'
Driver info: com.kms.katalon.core.webui.driver.firefox.CGeckoDriver
Capabilities {acceptInsecureCerts: true, browserName: firefox, browserVersion: 58.0.1, javascriptEnabled: true, moz:accessibilityChecks: false, moz:headless: false, moz:processID: 3116, moz:profile: C:\Users\behoh-tester\AppDa..., moz:webdriverClick: true, pageLoadStrategy: normal, platform: XP, platformName: XP, platformVersion: 10.0, proxy: Proxy(direct), rotatable: false, timeouts: {implicit: 0, pageLoad: 300000, script: 30000}}
Session ID: cdd42dfc-11ed-4d1f-936e-90b6aa3ce820)

2018-02-05 14:11:34 - [TEST_STEP][PASSED] - openBrowser: Browser is opened with url: ''

2018-02-05 14:11:43 - [MESSAGE][PASSED] - Browser is opened with url: ''

2018-02-05 14:11:43 - [TEST_STEP][PASSED] - navigateToUrl: Navigate to 'https://lojavirtualhomolog.sebraego.com.br/loja/' successfully

2018-02-05 14:11:49 - [MESSAGE][PASSED] - Navigate to 'https://lojavirtualhomolog.sebraego.com.br/loja/' successfully

2018-02-05 14:11:49 - [TEST_STEP][PASSED] - click: Object: 'Object Repository/Alterar Senha/Page_SebraeGO  Loja Virtual - Curso/a_Entre' is clicked on

2018-02-05 14:11:52 - [MESSAGE][PASSED] - Object: 'Object Repository/Alterar Senha/Page_SebraeGO  Loja Virtual - Curso/a_Entre' is clicked on

2018-02-05 14:11:52 - [TEST_STEP][PASSED] - setText: Text '10238621405' is set on object 'Object Repository/Alterar Senha/Page_SebraeGO - Loja Virtual - Logi/input_cpf'

2018-02-05 14:11:56 - [MESSAGE][PASSED] - Text '10238621405' is set on object 'Object Repository/Alterar Senha/Page_SebraeGO - Loja Virtual - Logi/input_cpf'

2018-02-05 14:11:56 - [TEST_STEP][PASSED] - setText: Text '1234asdF' is set on object 'Object Repository/Alterar Senha/Page_SebraeGO - Loja Virtual - Logi/input_senha'

2018-02-05 14:12:01 - [MESSAGE][PASSED] - Text '1234asdF' is set on object 'Object Repository/Alterar Senha/Page_SebraeGO - Loja Virtual - Logi/input_senha'

2018-02-05 14:12:01 - [TEST_STEP][PASSED] - click: Object: 'Object Repository/Alterar Senha/Page_SebraeGO - Loja Virtual - Logi/input_ok' is clicked on

2018-02-05 14:12:06 - [MESSAGE][PASSED] - Object: 'Object Repository/Alterar Senha/Page_SebraeGO - Loja Virtual - Logi/input_ok' is clicked on

2018-02-05 14:12:06 - [TEST_STEP][FAILED] - click: Unable to click on object 'Object Repository/Alterar Senha/Page_SebraeGO  Loja Virtual - Curso/span_rea do cliente' (Root cause: org.openqa.selenium.ElementClickInterceptedException: Element <button class="btn btn-default dropdown-toggle btnLogado" type="button"> is not clickable at point (1179.324935913086,30) because another element <div id="modal_dados_atualizados" class="modal fade in"> obscures it
Build info: version: '3.7.1', revision: '8a0099a', time: '2017-11-06T21:07:36.161Z'
System info: host: 'DESKTOP-9LJP0A4', ip: '10.155.1.119', os.name: 'Windows 10', os.arch: 'amd64', os.version: '10.0', java.version: '1.8.0_102'
Driver info: com.kms.katalon.core.webui.driver.firefox.CGeckoDriver
Capabilities {acceptInsecureCerts: true, browserName: firefox, browserVersion: 58.0.1, javascriptEnabled: true, moz:accessibilityChecks: false, moz:headless: false, moz:processID: 3116, moz:profile: C:\Users\behoh-tester\AppDa..., moz:webdriverClick: true, pageLoadStrategy: normal, platform: XP, platformName: XP, platformVersion: 10.0, proxy: Proxy(direct), rotatable: false, timeouts: {implicit: 0, pageLoad: 300000, script: 30000}}
Session ID: cdd42dfc-11ed-4d1f-936e-90b6aa3ce820)

2018-02-05 14:12:10 - [MESSAGE][FAILED] - Unable to click on object 'Object Repository/Alterar Senha/Page_SebraeGO  Loja Virtual - Curso/span_rea do cliente' (Root cause: org.openqa.selenium.ElementClickInterceptedException: Element <button class="btn btn-default dropdown-toggle btnLogado" type="button"> is not clickable at point (1179.324935913086,30) because another element <div id="modal_dados_atualizados" class="modal fade in"> obscures it
Build info: version: '3.7.1', revision: '8a0099a', time: '2017-11-06T21:07:36.161Z'
System info: host: 'DESKTOP-9LJP0A4', ip: '10.155.1.119', os.name: 'Windows 10', os.arch: 'amd64', os.version: '10.0', java.version: '1.8.0_102'
Driver info: com.kms.katalon.core.webui.driver.firefox.CGeckoDriver
Capabilities {acceptInsecureCerts: true, browserName: firefox, browserVersion: 58.0.1, javascriptEnabled: true, moz:accessibilityChecks: false, moz:headless: false, moz:processID: 3116, moz:profile: C:\Users\behoh-tester\AppDa..., moz:webdriverClick: true, pageLoadStrategy: normal, platform: XP, platformName: XP, platformVersion: 10.0, proxy: Proxy(direct), rotatable: false, timeouts: {implicit: 0, pageLoad: 300000, script: 30000}}
Session ID: cdd42dfc-11ed-4d1f-936e-90b6aa3ce820)
[[ATTACHMENT|C:\\Users\\behoh-tester\\Katalon Studio\\Testes automatizados Producao Sebrae GO\\Reports\\Pag Entre\\20180205_140722\\1517850728925.png]]]]></system-out>
         <system-err><![CDATA[2018-02-05 14:11:33 - [TEST_CASE][FAILED] - Test Cases/ENTRE/Meus dados - Alterar Senha: Test Cases/ENTRE/Meus dados - Alterar Senha FAILED because (of) Unable to click on object 'Object Repository/Alterar Senha/Page_SebraeGO  Loja Virtual - Curso/span_rea do cliente' (Root cause: org.openqa.selenium.ElementClickInterceptedException: Element <button class="btn btn-default dropdown-toggle btnLogado" type="button"> is not clickable at point (1179.324935913086,30) because another element <div id="modal_dados_atualizados" class="modal fade in"> obscures it
Build info: version: '3.7.1', revision: '8a0099a', time: '2017-11-06T21:07:36.161Z'
System info: host: 'DESKTOP-9LJP0A4', ip: '10.155.1.119', os.name: 'Windows 10', os.arch: 'amd64', os.version: '10.0', java.version: '1.8.0_102'
Driver info: com.kms.katalon.core.webui.driver.firefox.CGeckoDriver
Capabilities {acceptInsecureCerts: true, browserName: firefox, browserVersion: 58.0.1, javascriptEnabled: true, moz:accessibilityChecks: false, moz:headless: false, moz:processID: 3116, moz:profile: C:\Users\behoh-tester\AppDa..., moz:webdriverClick: true, pageLoadStrategy: normal, platform: XP, platformName: XP, platformVersion: 10.0, proxy: Proxy(direct), rotatable: false, timeouts: {implicit: 0, pageLoad: 300000, script: 30000}}
Session ID: cdd42dfc-11ed-4d1f-936e-90b6aa3ce820)]]></system-err>
      </testcase>
      <system-out><![CDATA[2018-02-05 14:09:52 - [TEST_SUITE][FAILED] - Pag Entre: Test Cases/ENTRE/Login Valido FAILED because (of) Unable to check object 'Object Repository/LoginValido/Page_SebraeGO  Loja Virtual - Curso/b_Utilize qualquer opo para lo' (Root cause: com.kms.katalon.core.webui.exception.WebElementNotFoundException: Web element with id: 'Object Repository/LoginValido/Page_SebraeGO  Loja Virtual - Curso/b_Utilize qualquer opo para lo' located by 'By.xpath: id("principal")/div[@class="busca_evento_desktop"]/p[1]/b[1][count(. | //*[(text() = 'Utilize qualquer opção para localizar eventos: ' or . = 'Utilize qualquer opção para localizar eventos: ')]) = count(//*[(text() = 'Utilize qualquer opção para localizar eventos: ' or . = 'Utilize qualquer opção para localizar eventos: ')])]' not found)]]></system-out>
      <system-err><![CDATA[2018-02-05 14:09:52 - [TEST_SUITE][FAILED] - Pag Entre: Test Cases/ENTRE/Login Valido FAILED because (of) Unable to check object 'Object Repository/LoginValido/Page_SebraeGO  Loja Virtual - Curso/b_Utilize qualquer opo para lo' (Root cause: com.kms.katalon.core.webui.exception.WebElementNotFoundException: Web element with id: 'Object Repository/LoginValido/Page_SebraeGO  Loja Virtual - Curso/b_Utilize qualquer opo para lo' located by 'By.xpath: id("principal")/div[@class="busca_evento_desktop"]/p[1]/b[1][count(. | //*[(text() = 'Utilize qualquer opção para localizar eventos: ' or . = 'Utilize qualquer opção para localizar eventos: ')]) = count(//*[(text() = 'Utilize qualquer opção para localizar eventos: ' or . = 'Utilize qualquer opção para localizar eventos: ')])]' not found)]]></system-err>
   </testsuite>
</testsuites>
