<?xml version="1.0" encoding="UTF-8"?>
<testsuites name="Pag Entre" time="79" tests="2" failures="0" errors="0">
   <testsuite name="Pag Entre" tests="2" failures="0" errors="0" time="79" timestamp="2018-02-01 11:05:57" hostname="behoh-tester - DESKTOP-9LJP0A4" id="Test Suites/Pag Entre">
      <properties>
         <property name="deviceName" value=""/>
         <property name="devicePlatform" value=""/>
         <property name="logFolder" value="C:\\Users\\behoh-tester\\Katalon Studio\\Testes automatizados Producao Sebrae GO\\Reports\\Pag Entre\\20180201_110337"/>
         <property name="logFiles" value="C:\\Users\\behoh-tester\\Katalon Studio\\Testes automatizados Producao Sebrae GO\\Reports\\Pag Entre\\20180201_110337\\execution0.log"/>
         <property name="attachments" value=""/>
         <property name="hostName" value="behoh-tester - DESKTOP-9LJP0A4"/>
         <property name="os" value="Windows 10 64bit"/>
         <property name="katalonVersion" value="5.3.0.1"/>
         <property name="browser" value="Firefox 58.0"/>
         <property name="hostAddress" value="10.155.1.118"/>
         <property name="sessionId" value="c265571b-cdfd-45ba-98f0-b967bae262d3"/>
         <property name="seleniumVersion" value="3.7.1"/>
         <property name="proxyInformation" value="ProxyInformation{proxyOption=NO_PROXY, proxyServerType=HTTP, password=, proxyServerAddress=, proxyServerPort=0}"/>
         <property name="platform" value="Windows 10"/>
      </properties>
      <testcase name="Test Cases/ENTRE/Login Valido" classname="Test Cases/ENTRE/Login Valido" status="PASSED">
         <system-out><![CDATA[2018-02-01 11:05:58 - [TEST_CASE][PASSED] - Test Cases/ENTRE/Login Valido: Test Cases/ENTRE/Login Valido

2018-02-01 11:05:58 - [TEST_STEP][PASSED] - openBrowser: Browser is opened with url: ''

2018-02-01 11:06:06 - [MESSAGE][PASSED] - Browser is opened with url: ''

2018-02-01 11:06:06 - [TEST_STEP][PASSED] - navigateToUrl: Navigate to 'https://lojavirtualhomolog.sebraego.com.br/loja/' successfully

2018-02-01 11:06:15 - [MESSAGE][PASSED] - Navigate to 'https://lojavirtualhomolog.sebraego.com.br/loja/' successfully

2018-02-01 11:06:15 - [TEST_STEP][PASSED] - click: Object: 'Object Repository/LoginValido/Page_SebraeGO  Loja Virtual - Curso/a_Entre' is clicked on

2018-02-01 11:06:20 - [MESSAGE][PASSED] - Object: 'Object Repository/LoginValido/Page_SebraeGO  Loja Virtual - Curso/a_Entre' is clicked on

2018-02-01 11:06:20 - [TEST_STEP][PASSED] - setText: Text '10238621405' is set on object 'Object Repository/LoginValido/Page_SebraeGO - Loja Virtual - Logi/input_cpf'

2018-02-01 11:06:24 - [MESSAGE][PASSED] - Text '10238621405' is set on object 'Object Repository/LoginValido/Page_SebraeGO - Loja Virtual - Logi/input_cpf'

2018-02-01 11:06:24 - [TEST_STEP][PASSED] - setText: Text '1234asdF' is set on object 'Object Repository/LoginValido/Page_SebraeGO - Loja Virtual - Logi/input_senha'

2018-02-01 11:06:28 - [MESSAGE][PASSED] - Text '1234asdF' is set on object 'Object Repository/LoginValido/Page_SebraeGO - Loja Virtual - Logi/input_senha'

2018-02-01 11:06:28 - [TEST_STEP][PASSED] - click: Object: 'Object Repository/LoginValido/Page_SebraeGO - Loja Virtual - Logi/input_ok' is clicked on

2018-02-01 11:06:34 - [MESSAGE][PASSED] - Object: 'Object Repository/LoginValido/Page_SebraeGO - Loja Virtual - Logi/input_ok' is clicked on

2018-02-01 11:06:34 - [TEST_STEP][PASSED] - check: Object 'Object Repository/LoginValido/Page_SebraeGO  Loja Virtual - Curso/b_Utilize qualquer opo para lo' is checked

2018-02-01 11:06:38 - [MESSAGE][PASSED] - Object 'Object Repository/LoginValido/Page_SebraeGO  Loja Virtual - Curso/b_Utilize qualquer opo para lo' is checked

2018-02-01 11:06:38 - [TEST_STEP][PASSED] - closeBrowser: Browser is closed

2018-02-01 11:06:39 - [MESSAGE][PASSED] - Browser is closed]]></system-out>
         <system-err><![CDATA[]]></system-err>
      </testcase>
      <testcase name="Test Cases/ENTRE/RecuperacaoSenha" classname="Test Cases/ENTRE/RecuperacaoSenha" status="PASSED">
         <system-out><![CDATA[2018-02-01 11:06:39 - [TEST_CASE][PASSED] - Test Cases/ENTRE/RecuperacaoSenha: Test Cases/ENTRE/RecuperacaoSenha

2018-02-01 11:06:39 - [TEST_STEP][PASSED] - openBrowser: Browser is opened with url: ''

2018-02-01 11:06:46 - [MESSAGE][PASSED] - Browser is opened with url: ''

2018-02-01 11:06:46 - [TEST_STEP][PASSED] - navigateToUrl: Navigate to 'https://lojavirtualhomolog.sebraego.com.br/loja/' successfully

2018-02-01 11:06:56 - [MESSAGE][PASSED] - Navigate to 'https://lojavirtualhomolog.sebraego.com.br/loja/' successfully

2018-02-01 11:06:56 - [TEST_STEP][PASSED] - click: Object: 'Object Repository/RecuperarSenha/a_Entre' is clicked on

2018-02-01 11:07:01 - [MESSAGE][PASSED] - Object: 'Object Repository/RecuperarSenha/a_Entre' is clicked on

2018-02-01 11:07:01 - [TEST_STEP][PASSED] - click: Object: 'Object Repository/RecuperarSenha/a_No possuo ou esqueci minha s' is clicked on

2018-02-01 11:07:03 - [MESSAGE][PASSED] - Object: 'Object Repository/RecuperarSenha/a_No possuo ou esqueci minha s' is clicked on

2018-02-01 11:07:03 - [TEST_STEP][PASSED] - delay: Delayed 3 second(s)

2018-02-01 11:07:06 - [MESSAGE][PASSED] - Delayed 3 second(s)

2018-02-01 11:07:06 - [TEST_STEP][PASSED] - setText: Text '10238621405' is set on object 'Object Repository/RecuperarSenha/input_emailRecuperacao'

2018-02-01 11:07:10 - [MESSAGE][PASSED] - Text '10238621405' is set on object 'Object Repository/RecuperarSenha/input_emailRecuperacao'

2018-02-01 11:07:10 - [TEST_STEP][PASSED] - click: Object: 'Object Repository/RecuperarSenha/a_Receber email' is clicked on

2018-02-01 11:07:12 - [MESSAGE][PASSED] - Object: 'Object Repository/RecuperarSenha/a_Receber email' is clicked on

2018-02-01 11:07:12 - [TEST_STEP][PASSED] - check: Object 'Object Repository/RecuperarSenha/span_Um e-mail de confirmao fo' is checked

2018-02-01 11:07:15 - [MESSAGE][PASSED] - Object 'Object Repository/RecuperarSenha/span_Um e-mail de confirmao fo' is checked

2018-02-01 11:07:15 - [TEST_STEP][PASSED] - closeBrowser: Browser is closed

2018-02-01 11:07:17 - [MESSAGE][PASSED] - Browser is closed]]></system-out>
         <system-err><![CDATA[]]></system-err>
      </testcase>
      <system-out><![CDATA[2018-02-01 11:05:57 - [TEST_SUITE][PASSED] - Pag Entre: Test Cases/ENTRE/RecuperacaoSenha]]></system-out>
      <system-err><![CDATA[]]></system-err>
   </testsuite>
</testsuites>
