<?xml version="1.0" encoding="UTF-8"?>
<testsuites name="Pag Entre" time="130" tests="3" failures="0" errors="0">
   <testsuite name="Pag Entre" tests="3" failures="0" errors="0" time="130" timestamp="2018-02-01 17:21:54" hostname="behoh-tester - DESKTOP-9LJP0A4" id="Test Suites/Pag Entre">
      <properties>
         <property name="deviceName" value=""/>
         <property name="devicePlatform" value=""/>
         <property name="logFolder" value="C:\\Users\\behoh-tester\\Katalon Studio\\Testes automatizados Producao Sebrae GO\\Reports\\Pag Entre\\20180201_171838"/>
         <property name="logFiles" value="C:\\Users\\behoh-tester\\Katalon Studio\\Testes automatizados Producao Sebrae GO\\Reports\\Pag Entre\\20180201_171838\\execution0.log"/>
         <property name="attachments" value=""/>
         <property name="hostName" value="behoh-tester - DESKTOP-9LJP0A4"/>
         <property name="os" value="Windows 10 64bit"/>
         <property name="katalonVersion" value="5.3.0.1"/>
         <property name="browser" value="Firefox 58.0"/>
         <property name="hostAddress" value="10.155.1.118"/>
         <property name="sessionId" value="f303e039-6d65-4fde-bc2e-136915d93542"/>
         <property name="seleniumVersion" value="3.7.1"/>
         <property name="proxyInformation" value="ProxyInformation{proxyOption=NO_PROXY, proxyServerType=HTTP, password=, proxyServerAddress=, proxyServerPort=0}"/>
         <property name="platform" value="Windows 10"/>
      </properties>
      <testcase name="Test Cases/ENTRE/Login Valido" classname="Test Cases/ENTRE/Login Valido" status="PASSED">
         <system-out><![CDATA[2018-02-01 17:21:54 - [TEST_CASE][PASSED] - Test Cases/ENTRE/Login Valido: Test Cases/ENTRE/Login Valido

2018-02-01 17:21:55 - [TEST_STEP][PASSED] - openBrowser: Browser is opened with url: ''

2018-02-01 17:22:04 - [MESSAGE][PASSED] - Browser is opened with url: ''

2018-02-01 17:22:04 - [TEST_STEP][PASSED] - navigateToUrl: Navigate to 'https://lojavirtualhomolog.sebraego.com.br/loja/' successfully

2018-02-01 17:22:09 - [MESSAGE][PASSED] - Navigate to 'https://lojavirtualhomolog.sebraego.com.br/loja/' successfully

2018-02-01 17:22:09 - [TEST_STEP][PASSED] - click: Object: 'Object Repository/LoginValido/Page_SebraeGO  Loja Virtual - Curso/a_Entre' is clicked on

2018-02-01 17:22:13 - [MESSAGE][PASSED] - Object: 'Object Repository/LoginValido/Page_SebraeGO  Loja Virtual - Curso/a_Entre' is clicked on

2018-02-01 17:22:13 - [TEST_STEP][PASSED] - setText: Text '10238621405' is set on object 'Object Repository/LoginValido/Page_SebraeGO - Loja Virtual - Logi/input_cpf'

2018-02-01 17:22:17 - [MESSAGE][PASSED] - Text '10238621405' is set on object 'Object Repository/LoginValido/Page_SebraeGO - Loja Virtual - Logi/input_cpf'

2018-02-01 17:22:17 - [TEST_STEP][PASSED] - setText: Text '1234asdF' is set on object 'Object Repository/LoginValido/Page_SebraeGO - Loja Virtual - Logi/input_senha'

2018-02-01 17:22:21 - [MESSAGE][PASSED] - Text '1234asdF' is set on object 'Object Repository/LoginValido/Page_SebraeGO - Loja Virtual - Logi/input_senha'

2018-02-01 17:22:21 - [TEST_STEP][PASSED] - click: Object: 'Object Repository/LoginValido/Page_SebraeGO - Loja Virtual - Logi/input_ok' is clicked on

2018-02-01 17:22:25 - [MESSAGE][PASSED] - Object: 'Object Repository/LoginValido/Page_SebraeGO - Loja Virtual - Logi/input_ok' is clicked on

2018-02-01 17:22:25 - [TEST_STEP][PASSED] - check: Object 'Object Repository/LoginValido/Page_SebraeGO  Loja Virtual - Curso/b_Utilize qualquer opo para lo' is checked

2018-02-01 17:22:28 - [MESSAGE][PASSED] - Object 'Object Repository/LoginValido/Page_SebraeGO  Loja Virtual - Curso/b_Utilize qualquer opo para lo' is checked

2018-02-01 17:22:28 - [TEST_STEP][PASSED] - closeBrowser: Browser is closed

2018-02-01 17:22:29 - [MESSAGE][PASSED] - Browser is closed]]></system-out>
         <system-err><![CDATA[]]></system-err>
      </testcase>
      <testcase name="Test Cases/ENTRE/RecuperacaoSenha" classname="Test Cases/ENTRE/RecuperacaoSenha" status="PASSED">
         <system-out><![CDATA[2018-02-01 17:22:29 - [TEST_CASE][PASSED] - Test Cases/ENTRE/RecuperacaoSenha: Test Cases/ENTRE/RecuperacaoSenha

2018-02-01 17:22:29 - [TEST_STEP][PASSED] - openBrowser: Browser is opened with url: ''

2018-02-01 17:22:36 - [MESSAGE][PASSED] - Browser is opened with url: ''

2018-02-01 17:22:36 - [TEST_STEP][PASSED] - navigateToUrl: Navigate to 'https://lojavirtualhomolog.sebraego.com.br/loja/' successfully

2018-02-01 17:22:42 - [MESSAGE][PASSED] - Navigate to 'https://lojavirtualhomolog.sebraego.com.br/loja/' successfully

2018-02-01 17:22:42 - [TEST_STEP][PASSED] - click: Object: 'Object Repository/RecuperarSenha/a_Entre' is clicked on

2018-02-01 17:22:45 - [MESSAGE][PASSED] - Object: 'Object Repository/RecuperarSenha/a_Entre' is clicked on

2018-02-01 17:22:45 - [TEST_STEP][PASSED] - click: Object: 'Object Repository/RecuperarSenha/a_No possuo ou esqueci minha s' is clicked on

2018-02-01 17:22:47 - [MESSAGE][PASSED] - Object: 'Object Repository/RecuperarSenha/a_No possuo ou esqueci minha s' is clicked on

2018-02-01 17:22:47 - [TEST_STEP][PASSED] - delay: Delayed 3 second(s)

2018-02-01 17:22:50 - [MESSAGE][PASSED] - Delayed 3 second(s)

2018-02-01 17:22:50 - [TEST_STEP][PASSED] - setText: Text '10238621405' is set on object 'Object Repository/RecuperarSenha/input_emailRecuperacao'

2018-02-01 17:22:54 - [MESSAGE][PASSED] - Text '10238621405' is set on object 'Object Repository/RecuperarSenha/input_emailRecuperacao'

2018-02-01 17:22:54 - [TEST_STEP][PASSED] - click: Object: 'Object Repository/RecuperarSenha/a_Receber email' is clicked on

2018-02-01 17:22:56 - [MESSAGE][PASSED] - Object: 'Object Repository/RecuperarSenha/a_Receber email' is clicked on

2018-02-01 17:22:56 - [TEST_STEP][PASSED] - check: Object 'Object Repository/RecuperarSenha/span_Um e-mail de confirmao fo' is checked

2018-02-01 17:23:00 - [MESSAGE][PASSED] - Object 'Object Repository/RecuperarSenha/span_Um e-mail de confirmao fo' is checked

2018-02-01 17:23:00 - [TEST_STEP][PASSED] - closeBrowser: Browser is closed

2018-02-01 17:23:01 - [MESSAGE][PASSED] - Browser is closed]]></system-out>
         <system-err><![CDATA[]]></system-err>
      </testcase>
      <testcase name="Test Cases/ENTRE/Meus dados - Alterar Senha" classname="Test Cases/ENTRE/Meus dados - Alterar Senha" status="PASSED">
         <system-out><![CDATA[2018-02-01 17:23:01 - [TEST_CASE][PASSED] - Test Cases/ENTRE/Meus dados - Alterar Senha: Test Cases/ENTRE/Meus dados - Alterar Senha

2018-02-01 17:23:01 - [TEST_STEP][PASSED] - openBrowser: Browser is opened with url: ''

2018-02-01 17:23:09 - [MESSAGE][PASSED] - Browser is opened with url: ''

2018-02-01 17:23:09 - [TEST_STEP][PASSED] - navigateToUrl: Navigate to 'https://lojavirtualhomolog.sebraego.com.br/loja/' successfully

2018-02-01 17:23:14 - [MESSAGE][PASSED] - Navigate to 'https://lojavirtualhomolog.sebraego.com.br/loja/' successfully

2018-02-01 17:23:14 - [TEST_STEP][PASSED] - click: Object: 'Object Repository/Alterar Senha/Page_SebraeGO  Loja Virtual - Curso/a_Entre' is clicked on

2018-02-01 17:23:17 - [MESSAGE][PASSED] - Object: 'Object Repository/Alterar Senha/Page_SebraeGO  Loja Virtual - Curso/a_Entre' is clicked on

2018-02-01 17:23:17 - [TEST_STEP][PASSED] - setText: Text '10238621405' is set on object 'Object Repository/Alterar Senha/Page_SebraeGO - Loja Virtual - Logi/input_cpf'

2018-02-01 17:23:21 - [MESSAGE][PASSED] - Text '10238621405' is set on object 'Object Repository/Alterar Senha/Page_SebraeGO - Loja Virtual - Logi/input_cpf'

2018-02-01 17:23:21 - [TEST_STEP][PASSED] - setText: Text '1234asdF' is set on object 'Object Repository/Alterar Senha/Page_SebraeGO - Loja Virtual - Logi/input_senha'

2018-02-01 17:23:26 - [MESSAGE][PASSED] - Text '1234asdF' is set on object 'Object Repository/Alterar Senha/Page_SebraeGO - Loja Virtual - Logi/input_senha'

2018-02-01 17:23:26 - [TEST_STEP][PASSED] - click: Object: 'Object Repository/Alterar Senha/Page_SebraeGO - Loja Virtual - Logi/input_ok' is clicked on

2018-02-01 17:23:29 - [MESSAGE][PASSED] - Object: 'Object Repository/Alterar Senha/Page_SebraeGO - Loja Virtual - Logi/input_ok' is clicked on

2018-02-01 17:23:29 - [TEST_STEP][PASSED] - click: Object: 'Object Repository/Alterar Senha/Page_SebraeGO  Loja Virtual - Curso/span_rea do cliente' is clicked on

2018-02-01 17:23:32 - [MESSAGE][PASSED] - Object: 'Object Repository/Alterar Senha/Page_SebraeGO  Loja Virtual - Curso/span_rea do cliente' is clicked on

2018-02-01 17:23:32 - [TEST_STEP][PASSED] - click: Object: 'Object Repository/Alterar Senha/Page_SebraeGO  Loja Virtual - Curso/a_Meus dados' is clicked on

2018-02-01 17:23:38 - [MESSAGE][PASSED] - Object: 'Object Repository/Alterar Senha/Page_SebraeGO  Loja Virtual - Curso/a_Meus dados' is clicked on

2018-02-01 17:23:38 - [TEST_STEP][PASSED] - navigateToUrl: Navigate to 'https://lojavirtualhomolog.sebraego.com.br/alterarSenhaForm' successfully

2018-02-01 17:23:39 - [MESSAGE][PASSED] - Navigate to 'https://lojavirtualhomolog.sebraego.com.br/alterarSenhaForm' successfully

2018-02-01 17:23:39 - [TEST_STEP][PASSED] - setText: Text '1234asdF' is set on object 'Object Repository/Alterar Senha/Page_SebraeGO  Loja Virtual - Curso/input_senha (1)'

2018-02-01 17:23:43 - [MESSAGE][PASSED] - Text '1234asdF' is set on object 'Object Repository/Alterar Senha/Page_SebraeGO  Loja Virtual - Curso/input_senha (1)'

2018-02-01 17:23:43 - [TEST_STEP][PASSED] - setText: Text '1234asdF' is set on object 'Object Repository/Alterar Senha/Page_SebraeGO  Loja Virtual - Curso/input_confirmarSenha'

2018-02-01 17:23:47 - [MESSAGE][PASSED] - Text '1234asdF' is set on object 'Object Repository/Alterar Senha/Page_SebraeGO  Loja Virtual - Curso/input_confirmarSenha'

2018-02-01 17:23:47 - [TEST_STEP][PASSED] - click: Object: 'Object Repository/Alterar Senha/Page_SebraeGO  Loja Virtual - Curso/button_Confirmar' is clicked on

2018-02-01 17:23:53 - [MESSAGE][PASSED] - Object: 'Object Repository/Alterar Senha/Page_SebraeGO  Loja Virtual - Curso/button_Confirmar' is clicked on

2018-02-01 17:23:53 - [TEST_STEP][PASSED] - click: Object: 'Object Repository/Alterar Senha/Page_SebraeGO  Loja Virtual - Meus/input_avancar' is clicked on

2018-02-01 17:23:58 - [MESSAGE][PASSED] - Object: 'Object Repository/Alterar Senha/Page_SebraeGO  Loja Virtual - Meus/input_avancar' is clicked on

2018-02-01 17:23:58 - [TEST_STEP][PASSED] - click: Object: 'Object Repository/Alterar Senha/Page_SebraeGO  Loja Virtual - Curso/div_            Informao do si' is clicked on

2018-02-01 17:24:00 - [MESSAGE][PASSED] - Object: 'Object Repository/Alterar Senha/Page_SebraeGO  Loja Virtual - Curso/div_            Informao do si' is clicked on

2018-02-01 17:24:00 - [TEST_STEP][PASSED] - check: Object 'Object Repository/Alterar Senha/Page_SebraeGO  Loja Virtual - Curso/h1_Cursos e eventos' is checked

2018-02-01 17:24:03 - [MESSAGE][PASSED] - Object 'Object Repository/Alterar Senha/Page_SebraeGO  Loja Virtual - Curso/h1_Cursos e eventos' is checked

2018-02-01 17:24:03 - [TEST_STEP][PASSED] - closeBrowser: Browser is closed

2018-02-01 17:24:04 - [MESSAGE][PASSED] - Browser is closed]]></system-out>
         <system-err><![CDATA[]]></system-err>
      </testcase>
      <system-out><![CDATA[2018-02-01 17:21:54 - [TEST_SUITE][PASSED] - Pag Entre: Test Cases/ENTRE/Meus dados - Alterar Senha]]></system-out>
      <system-err><![CDATA[]]></system-err>
   </testsuite>
</testsuites>
