<?xml version="1.0" encoding="UTF-8"?>
<testsuites name="Mensagens de validacao" time="111" tests="2" failures="2" errors="0">
   <testsuite name="Mensagens de validacao" tests="2" failures="2" errors="0" time="111" timestamp="2018-01-25 17:43:45" hostname="behoh-tester - DESKTOP-9LJP0A4" id="Test Suites/Mensagens de validacao">
      <properties>
         <property name="deviceName" value=""/>
         <property name="devicePlatform" value=""/>
         <property name="logFolder" value="C:\\Users\\behoh-tester\\Katalon Studio\\Testes automatizados Producao Sebrae GO\\Reports\\Mensagens de validacao\\20180125_174342"/>
         <property name="logFiles" value="C:\\Users\\behoh-tester\\Katalon Studio\\Testes automatizados Producao Sebrae GO\\Reports\\Mensagens de validacao\\20180125_174342\\execution0.log"/>
         <property name="attachments" value="C:\\Users\\behoh-tester\\Katalon Studio\\Testes automatizados Producao Sebrae GO\\Reports\\Mensagens de validacao\\20180125_174342\\1516913080215.png, C:\\Users\\behoh-tester\\Katalon Studio\\Testes automatizados Producao Sebrae GO\\Reports\\Mensagens de validacao\\20180125_174342\\1516913135686.png"/>
         <property name="hostName" value="behoh-tester - DESKTOP-9LJP0A4"/>
         <property name="os" value="Windows 10 64bit"/>
         <property name="katalonVersion" value="5.2.0.1"/>
         <property name="browser" value="Chrome 63.0.3239.132"/>
         <property name="hostAddress" value="10.155.1.118"/>
         <property name="sessionId" value="d9c4493d23c30a50023a1a075d2370dc"/>
         <property name="seleniumVersion" value="3.7.1"/>
         <property name="proxyInformation" value="ProxyInformation{proxyOption=NO_PROXY, proxyServerType=HTTP, password=, proxyServerAddress=, proxyServerPort=0}"/>
         <property name="platform" value="Windows 10"/>
      </properties>
      <testcase name="Test Cases/MSG CPF Invalido" classname="Test Cases/MSG CPF Invalido" status="PASSED">
         <system-out><![CDATA[2018-01-25 17:43:45 - [TEST_CASE][PASSED] - Test Cases/MSG CPF Invalido: Test Cases/MSG CPF Invalido

2018-01-25 17:43:45 - [TEST_STEP][PASSED] - openBrowser: Browser is opened with url: ''

2018-01-25 17:43:49 - [MESSAGE][PASSED] - Browser is opened with url: ''

2018-01-25 17:43:49 - [TEST_STEP][PASSED] - navigateToUrl: Navigate to 'https://lojavirtualhomolog.sebraego.com.br/loja/' successfully

2018-01-25 17:43:54 - [MESSAGE][PASSED] - Navigate to 'https://lojavirtualhomolog.sebraego.com.br/loja/' successfully

2018-01-25 17:43:54 - [TEST_STEP][PASSED] - click: Object: 'Object Repository/Mensagem Validacao/a_Entre' is clicked on

2018-01-25 17:43:56 - [MESSAGE][PASSED] - Object: 'Object Repository/Mensagem Validacao/a_Entre' is clicked on

2018-01-25 17:43:56 - [TEST_STEP][PASSED] - doubleClick: Object: 'Object Repository/Mensagem Validacao/input_cpf' is double clicked on

2018-01-25 17:43:56 - [MESSAGE][PASSED] - Object: 'Object Repository/Mensagem Validacao/input_cpf' is double clicked on

2018-01-25 17:43:56 - [TEST_STEP][PASSED] - setText: Text '32132135132' is set on object 'Object Repository/Mensagem Validacao/input_cpf'

2018-01-25 17:43:56 - [MESSAGE][PASSED] - Text '32132135132' is set on object 'Object Repository/Mensagem Validacao/input_cpf'

2018-01-25 17:43:56 - [TEST_STEP][PASSED] - setText: Text '321' is set on object 'Object Repository/Mensagem Validacao/input_senha'

2018-01-25 17:43:56 - [MESSAGE][PASSED] - Text '321' is set on object 'Object Repository/Mensagem Validacao/input_senha'

2018-01-25 17:43:56 - [TEST_STEP][PASSED] - click: Object: 'Object Repository/Mensagem Validacao/input_ok' is clicked on

2018-01-25 17:43:57 - [MESSAGE][PASSED] - Object: 'Object Repository/Mensagem Validacao/input_ok' is clicked on

2018-01-25 17:43:57 - [TEST_STEP][PASSED] - check: Object 'Object Repository/Mensagem Validacao/label_Informe um CPF Vlido.' is checked

2018-01-25 17:43:57 - [MESSAGE][PASSED] - Object 'Object Repository/Mensagem Validacao/label_Informe um CPF Vlido.' is checked

2018-01-25 17:43:57 - [TEST_STEP][PASSED] - closeBrowser: Browser is closed

2018-01-25 17:43:57 - [MESSAGE][PASSED] - Browser is closed]]></system-out>
         <system-err><![CDATA[]]></system-err>
      </testcase>
      <testcase name="Test Cases/MSG CPF nao cadastrado" classname="Test Cases/MSG CPF nao cadastrado" status="FAILED">
         <failure type="FAILED" message="Unable to click on object 'Object Repository/Mensagem Validacao/p_O CPF digitado no foi encont' (Root cause: com.kms.katalon.core.webui.exception.WebElementNotFoundException: Web element with id: 'Object Repository/Mensagem Validacao/p_O CPF digitado no foi encont' located by 'By.xpath: //p[count(. | //*[text() = 'O CPF digitado não foi encontrado em nossa base de dados.']) = count(//*[text() = 'O CPF digitado não foi encontrado em nossa base de dados.'])]' not found)"/>
         <system-out><![CDATA[2018-01-25 17:43:57 - [TEST_CASE][FAILED] - Test Cases/MSG CPF nao cadastrado: Test Cases/MSG CPF nao cadastrado FAILED because (of) Unable to click on object 'Object Repository/Mensagem Validacao/p_O CPF digitado no foi encont' (Root cause: com.kms.katalon.core.webui.exception.WebElementNotFoundException: Web element with id: 'Object Repository/Mensagem Validacao/p_O CPF digitado no foi encont' located by 'By.xpath: //p[count(. | //*[text() = 'O CPF digitado não foi encontrado em nossa base de dados.']) = count(//*[text() = 'O CPF digitado não foi encontrado em nossa base de dados.'])]' not found)

2018-01-25 17:43:58 - [TEST_STEP][PASSED] - openBrowser: Browser is opened with url: ''

2018-01-25 17:43:59 - [MESSAGE][PASSED] - Browser is opened with url: ''

2018-01-25 17:43:59 - [TEST_STEP][PASSED] - navigateToUrl: Navigate to 'https://lojavirtualhomolog.sebraego.com.br/loja/' successfully

2018-01-25 17:44:05 - [MESSAGE][PASSED] - Navigate to 'https://lojavirtualhomolog.sebraego.com.br/loja/' successfully

2018-01-25 17:44:05 - [TEST_STEP][PASSED] - click: Object: 'Object Repository/Mensagem Validacao/a_Entre (1)' is clicked on

2018-01-25 17:44:07 - [MESSAGE][PASSED] - Object: 'Object Repository/Mensagem Validacao/a_Entre (1)' is clicked on

2018-01-25 17:44:07 - [TEST_STEP][PASSED] - doubleClick: Object: 'Object Repository/Mensagem Validacao/input_cpf (1)' is double clicked on

2018-01-25 17:44:07 - [MESSAGE][PASSED] - Object: 'Object Repository/Mensagem Validacao/input_cpf (1)' is double clicked on

2018-01-25 17:44:07 - [TEST_STEP][PASSED] - setText: Text '560.114.088-00' is set on object 'Object Repository/Mensagem Validacao/input_cpf (1)'

2018-01-25 17:44:07 - [MESSAGE][PASSED] - Text '560.114.088-00' is set on object 'Object Repository/Mensagem Validacao/input_cpf (1)'

2018-01-25 17:44:07 - [TEST_STEP][PASSED] - doubleClick: Object: 'Object Repository/Mensagem Validacao/input_senha (1)' is double clicked on

2018-01-25 17:44:07 - [MESSAGE][PASSED] - Object: 'Object Repository/Mensagem Validacao/input_senha (1)' is double clicked on

2018-01-25 17:44:07 - [TEST_STEP][PASSED] - setText: Text '123' is set on object 'Object Repository/Mensagem Validacao/input_senha (1)'

2018-01-25 17:44:07 - [MESSAGE][PASSED] - Text '123' is set on object 'Object Repository/Mensagem Validacao/input_senha (1)'

2018-01-25 17:44:07 - [TEST_STEP][PASSED] - click: Object: 'Object Repository/Mensagem Validacao/input_ok (1)' is clicked on

2018-01-25 17:44:09 - [MESSAGE][PASSED] - Object: 'Object Repository/Mensagem Validacao/input_ok (1)' is clicked on

2018-01-25 17:44:09 - [TEST_STEP][FAILED] - click: Unable to click on object 'Object Repository/Mensagem Validacao/p_O CPF digitado no foi encont' (Root cause: com.kms.katalon.core.webui.exception.WebElementNotFoundException: Web element with id: 'Object Repository/Mensagem Validacao/p_O CPF digitado no foi encont' located by 'By.xpath: //p[count(. | //*[text() = 'O CPF digitado não foi encontrado em nossa base de dados.']) = count(//*[text() = 'O CPF digitado não foi encontrado em nossa base de dados.'])]' not found)

2018-01-25 17:44:40 - [MESSAGE][FAILED] - Unable to click on object 'Object Repository/Mensagem Validacao/p_O CPF digitado no foi encont' (Root cause: com.kms.katalon.core.webui.exception.WebElementNotFoundException: Web element with id: 'Object Repository/Mensagem Validacao/p_O CPF digitado no foi encont' located by 'By.xpath: //p[count(. | //*[text() = 'O CPF digitado não foi encontrado em nossa base de dados.']) = count(//*[text() = 'O CPF digitado não foi encontrado em nossa base de dados.'])]' not found)
[[ATTACHMENT|C:\\Users\\behoh-tester\\Katalon Studio\\Testes automatizados Producao Sebrae GO\\Reports\\Mensagens de validacao\\20180125_174342\\1516913080215.png]]]]></system-out>
         <system-err><![CDATA[2018-01-25 17:43:57 - [TEST_CASE][FAILED] - Test Cases/MSG CPF nao cadastrado: Test Cases/MSG CPF nao cadastrado FAILED because (of) Unable to click on object 'Object Repository/Mensagem Validacao/p_O CPF digitado no foi encont' (Root cause: com.kms.katalon.core.webui.exception.WebElementNotFoundException: Web element with id: 'Object Repository/Mensagem Validacao/p_O CPF digitado no foi encont' located by 'By.xpath: //p[count(. | //*[text() = 'O CPF digitado não foi encontrado em nossa base de dados.']) = count(//*[text() = 'O CPF digitado não foi encontrado em nossa base de dados.'])]' not found)]]></system-err>
      </testcase>
      <testcase name="Test Cases/MSG Senha Errada" classname="Test Cases/MSG Senha Errada" status="PASSED">
         <system-out><![CDATA[2018-01-25 17:44:40 - [TEST_CASE][PASSED] - Test Cases/MSG Senha Errada: Test Cases/MSG Senha Errada

2018-01-25 17:44:40 - [TEST_STEP][PASSED] - openBrowser: Browser is opened with url: ''

2018-01-25 17:44:40 - [MESSAGE][WARNING] - A browser is already opened. Closing browser and opening a new one

2018-01-25 17:44:43 - [MESSAGE][PASSED] - Browser is opened with url: ''

2018-01-25 17:44:43 - [TEST_STEP][PASSED] - navigateToUrl: Navigate to 'https://lojavirtualhomolog.sebraego.com.br/loja/' successfully

2018-01-25 17:44:49 - [MESSAGE][PASSED] - Navigate to 'https://lojavirtualhomolog.sebraego.com.br/loja/' successfully

2018-01-25 17:44:49 - [TEST_STEP][PASSED] - doubleClick: Object: 'Object Repository/Mensagem Validacao/a_Entre (2)' is double clicked on

2018-01-25 17:44:50 - [MESSAGE][PASSED] - Object: 'Object Repository/Mensagem Validacao/a_Entre (2)' is double clicked on

2018-01-25 17:44:50 - [TEST_STEP][PASSED] - doubleClick: Object: 'Object Repository/Mensagem Validacao/input_cpf (2)' is double clicked on

2018-01-25 17:44:50 - [MESSAGE][PASSED] - Object: 'Object Repository/Mensagem Validacao/input_cpf (2)' is double clicked on

2018-01-25 17:44:50 - [TEST_STEP][PASSED] - setText: Text '10238621405' is set on object 'Object Repository/Mensagem Validacao/input_cpf (2)'

2018-01-25 17:44:50 - [MESSAGE][PASSED] - Text '10238621405' is set on object 'Object Repository/Mensagem Validacao/input_cpf (2)'

2018-01-25 17:44:50 - [TEST_STEP][PASSED] - doubleClick: Object: 'Object Repository/Mensagem Validacao/input_senha (2)' is double clicked on

2018-01-25 17:44:50 - [MESSAGE][PASSED] - Object: 'Object Repository/Mensagem Validacao/input_senha (2)' is double clicked on

2018-01-25 17:44:50 - [TEST_STEP][PASSED] - setText: Text '321' is set on object 'Object Repository/Mensagem Validacao/input_senha (2)'

2018-01-25 17:44:50 - [MESSAGE][PASSED] - Text '321' is set on object 'Object Repository/Mensagem Validacao/input_senha (2)'

2018-01-25 17:44:50 - [TEST_STEP][PASSED] - click: Object: 'Object Repository/Mensagem Validacao/input_ok (2)' is clicked on

2018-01-25 17:44:52 - [MESSAGE][PASSED] - Object: 'Object Repository/Mensagem Validacao/input_ok (2)' is clicked on

2018-01-25 17:44:52 - [TEST_STEP][PASSED] - click: Object: 'Object Repository/Mensagem Validacao/p_Dados de acesso invlidos' is clicked on

2018-01-25 17:44:52 - [MESSAGE][PASSED] - Object: 'Object Repository/Mensagem Validacao/p_Dados de acesso invlidos' is clicked on

2018-01-25 17:44:52 - [TEST_STEP][PASSED] - closeBrowser: Browser is closed

2018-01-25 17:44:53 - [MESSAGE][PASSED] - Browser is closed]]></system-out>
         <system-err><![CDATA[]]></system-err>
      </testcase>
      <testcase name="Test Cases/MSG Cadastrar CPF" classname="Test Cases/MSG Cadastrar CPF" status="FAILED">
         <failure type="FAILED" message="Unable to click on object 'Object Repository/Mensagem Validacao/label_Informe um CPF Vlido. (1)' (Root cause: com.kms.katalon.core.webui.exception.WebElementNotFoundException: Web element with id: 'Object Repository/Mensagem Validacao/label_Informe um CPF Vlido. (1)' located by 'By.xpath: //label[count(. | //*[text() = 'Informe um CPF Válido.']) = count(//*[text() = 'Informe um CPF Válido.'])]' not found)"/>
         <system-out><![CDATA[2018-01-25 17:44:53 - [TEST_CASE][FAILED] - Test Cases/MSG Cadastrar CPF: Test Cases/MSG Cadastrar CPF FAILED because (of) Unable to click on object 'Object Repository/Mensagem Validacao/label_Informe um CPF Vlido. (1)' (Root cause: com.kms.katalon.core.webui.exception.WebElementNotFoundException: Web element with id: 'Object Repository/Mensagem Validacao/label_Informe um CPF Vlido. (1)' located by 'By.xpath: //label[count(. | //*[text() = 'Informe um CPF Válido.']) = count(//*[text() = 'Informe um CPF Válido.'])]' not found)

2018-01-25 17:44:53 - [TEST_STEP][PASSED] - openBrowser: Browser is opened with url: ''

2018-01-25 17:44:55 - [MESSAGE][PASSED] - Browser is opened with url: ''

2018-01-25 17:44:55 - [TEST_STEP][PASSED] - navigateToUrl: Navigate to 'https://lojavirtualhomolog.sebraego.com.br/loja/' successfully

2018-01-25 17:45:01 - [MESSAGE][PASSED] - Navigate to 'https://lojavirtualhomolog.sebraego.com.br/loja/' successfully

2018-01-25 17:45:01 - [TEST_STEP][PASSED] - click: Object: 'Object Repository/Mensagem Validacao/a_Entre' is clicked on

2018-01-25 17:45:03 - [MESSAGE][PASSED] - Object: 'Object Repository/Mensagem Validacao/a_Entre' is clicked on

2018-01-25 17:45:03 - [TEST_STEP][PASSED] - doubleClick: Object: 'Object Repository/Mensagem Validacao/input_cpf (3)' is double clicked on

2018-01-25 17:45:03 - [MESSAGE][PASSED] - Object: 'Object Repository/Mensagem Validacao/input_cpf (3)' is double clicked on

2018-01-25 17:45:03 - [TEST_STEP][PASSED] - setText: Text '32132132151' is set on object 'Object Repository/Mensagem Validacao/input_cpf (3)'

2018-01-25 17:45:03 - [MESSAGE][PASSED] - Text '32132132151' is set on object 'Object Repository/Mensagem Validacao/input_cpf (3)'

2018-01-25 17:45:03 - [TEST_STEP][PASSED] - click: Object: 'Object Repository/Mensagem Validacao/input_querocadastrar' is clicked on

2018-01-25 17:45:04 - [MESSAGE][PASSED] - Object: 'Object Repository/Mensagem Validacao/input_querocadastrar' is clicked on

2018-01-25 17:45:04 - [TEST_STEP][FAILED] - click: Unable to click on object 'Object Repository/Mensagem Validacao/label_Informe um CPF Vlido. (1)' (Root cause: com.kms.katalon.core.webui.exception.WebElementNotFoundException: Web element with id: 'Object Repository/Mensagem Validacao/label_Informe um CPF Vlido. (1)' located by 'By.xpath: //label[count(. | //*[text() = 'Informe um CPF Válido.']) = count(//*[text() = 'Informe um CPF Válido.'])]' not found)

2018-01-25 17:45:36 - [MESSAGE][FAILED] - Unable to click on object 'Object Repository/Mensagem Validacao/label_Informe um CPF Vlido. (1)' (Root cause: com.kms.katalon.core.webui.exception.WebElementNotFoundException: Web element with id: 'Object Repository/Mensagem Validacao/label_Informe um CPF Vlido. (1)' located by 'By.xpath: //label[count(. | //*[text() = 'Informe um CPF Válido.']) = count(//*[text() = 'Informe um CPF Válido.'])]' not found)
[[ATTACHMENT|C:\\Users\\behoh-tester\\Katalon Studio\\Testes automatizados Producao Sebrae GO\\Reports\\Mensagens de validacao\\20180125_174342\\1516913135686.png]]]]></system-out>
         <system-err><![CDATA[2018-01-25 17:44:53 - [TEST_CASE][FAILED] - Test Cases/MSG Cadastrar CPF: Test Cases/MSG Cadastrar CPF FAILED because (of) Unable to click on object 'Object Repository/Mensagem Validacao/label_Informe um CPF Vlido. (1)' (Root cause: com.kms.katalon.core.webui.exception.WebElementNotFoundException: Web element with id: 'Object Repository/Mensagem Validacao/label_Informe um CPF Vlido. (1)' located by 'By.xpath: //label[count(. | //*[text() = 'Informe um CPF Válido.']) = count(//*[text() = 'Informe um CPF Válido.'])]' not found)]]></system-err>
      </testcase>
      <system-out><![CDATA[2018-01-25 17:43:45 - [TEST_SUITE][FAILED] - Mensagens de validacao: Test Cases/MSG CPF nao cadastrado FAILED because (of) Unable to click on object 'Object Repository/Mensagem Validacao/p_O CPF digitado no foi encont' (Root cause: com.kms.katalon.core.webui.exception.WebElementNotFoundException: Web element with id: 'Object Repository/Mensagem Validacao/p_O CPF digitado no foi encont' located by 'By.xpath: //p[count(. | //*[text() = 'O CPF digitado não foi encontrado em nossa base de dados.']) = count(//*[text() = 'O CPF digitado não foi encontrado em nossa base de dados.'])]' not found)]]></system-out>
      <system-err><![CDATA[2018-01-25 17:43:45 - [TEST_SUITE][FAILED] - Mensagens de validacao: Test Cases/MSG CPF nao cadastrado FAILED because (of) Unable to click on object 'Object Repository/Mensagem Validacao/p_O CPF digitado no foi encont' (Root cause: com.kms.katalon.core.webui.exception.WebElementNotFoundException: Web element with id: 'Object Repository/Mensagem Validacao/p_O CPF digitado no foi encont' located by 'By.xpath: //p[count(. | //*[text() = 'O CPF digitado não foi encontrado em nossa base de dados.']) = count(//*[text() = 'O CPF digitado não foi encontrado em nossa base de dados.'])]' not found)]]></system-err>
   </testsuite>
</testsuites>
