<?xml version="1.0" encoding="UTF-8"?>
<testsuites name="Compras" time="137" tests="2" failures="0" errors="0">
   <testsuite name="Compras" tests="2" failures="0" errors="0" time="137" timestamp="2018-02-01 11:03:38" hostname="behoh-tester - DESKTOP-9LJP0A4" id="Test Suites/Compras">
      <properties>
         <property name="deviceName" value=""/>
         <property name="devicePlatform" value=""/>
         <property name="logFolder" value="C:\\Users\\behoh-tester\\Katalon Studio\\Testes automatizados Producao Sebrae GO\\Reports\\Compras\\20180201_110337"/>
         <property name="logFiles" value="C:\\Users\\behoh-tester\\Katalon Studio\\Testes automatizados Producao Sebrae GO\\Reports\\Compras\\20180201_110337\\execution0.log"/>
         <property name="attachments" value=""/>
         <property name="hostName" value="behoh-tester - DESKTOP-9LJP0A4"/>
         <property name="os" value="Windows 10 64bit"/>
         <property name="katalonVersion" value="5.3.0.1"/>
         <property name="browser" value="Firefox 58.0"/>
         <property name="hostAddress" value="10.155.1.118"/>
         <property name="sessionId" value="3d641dba-0ca6-4073-85e9-a94e538cdd13"/>
         <property name="seleniumVersion" value="3.7.1"/>
         <property name="proxyInformation" value="ProxyInformation{proxyOption=NO_PROXY, proxyServerType=HTTP, password=, proxyServerAddress=, proxyServerPort=0}"/>
         <property name="platform" value="Windows 10"/>
      </properties>
      <testcase name="Test Cases/COMPRAS/Adicionar Carrinho" classname="Test Cases/COMPRAS/Adicionar Carrinho" status="PASSED">
         <system-out><![CDATA[2018-02-01 11:03:39 - [TEST_CASE][PASSED] - Test Cases/COMPRAS/Adicionar Carrinho: Test Cases/COMPRAS/Adicionar Carrinho

2018-02-01 11:03:39 - [TEST_STEP][PASSED] - openBrowser: Browser is opened with url: ''

2018-02-01 11:03:47 - [MESSAGE][PASSED] - Browser is opened with url: ''

2018-02-01 11:03:47 - [TEST_STEP][PASSED] - navigateToUrl: Navigate to 'https://lojavirtualhomolog.sebraego.com.br/loja/' successfully

2018-02-01 11:03:56 - [MESSAGE][PASSED] - Navigate to 'https://lojavirtualhomolog.sebraego.com.br/loja/' successfully

2018-02-01 11:03:56 - [TEST_STEP][PASSED] - click: Object: 'Object Repository/AdicionarCarrinho/a_Entre' is clicked on

2018-02-01 11:04:00 - [MESSAGE][PASSED] - Object: 'Object Repository/AdicionarCarrinho/a_Entre' is clicked on

2018-02-01 11:04:00 - [TEST_STEP][PASSED] - setText: Text '10238621405' is set on object 'Object Repository/AdicionarCarrinho/input_cpf'

2018-02-01 11:04:04 - [MESSAGE][PASSED] - Text '10238621405' is set on object 'Object Repository/AdicionarCarrinho/input_cpf'

2018-02-01 11:04:04 - [TEST_STEP][PASSED] - setText: Text '1234asdF' is set on object 'Object Repository/AdicionarCarrinho/input_senha'

2018-02-01 11:04:08 - [MESSAGE][PASSED] - Text '1234asdF' is set on object 'Object Repository/AdicionarCarrinho/input_senha'

2018-02-01 11:04:08 - [TEST_STEP][PASSED] - click: Object: 'Object Repository/AdicionarCarrinho/input_ok' is clicked on

2018-02-01 11:04:15 - [MESSAGE][PASSED] - Object: 'Object Repository/AdicionarCarrinho/input_ok' is clicked on

2018-02-01 11:04:15 - [TEST_STEP][PASSED] - click: Object: 'Object Repository/AdicionarCarrinho/h3_Custos para produzir No Cam' is clicked on

2018-02-01 11:04:27 - [MESSAGE][PASSED] - Object: 'Object Repository/AdicionarCarrinho/h3_Custos para produzir No Cam' is clicked on

2018-02-01 11:04:27 - [TEST_STEP][PASSED] - click: Object: 'Object Repository/AdicionarCarrinho/a_Adicionar ao carrinho' is clicked on

2018-02-01 11:04:29 - [MESSAGE][PASSED] - Object: 'Object Repository/AdicionarCarrinho/a_Adicionar ao carrinho' is clicked on

2018-02-01 11:04:29 - [TEST_STEP][PASSED] - click: Object: 'Object Repository/AdicionarCarrinho/button_Entendi e estou de acor' is clicked on

2018-02-01 11:04:34 - [MESSAGE][PASSED] - Object: 'Object Repository/AdicionarCarrinho/button_Entendi e estou de acor' is clicked on

2018-02-01 11:04:34 - [TEST_STEP][PASSED] - click: Object: 'Object Repository/AdicionarCarrinho/div_Meu Carrinho' is clicked on

2018-02-01 11:04:36 - [MESSAGE][PASSED] - Object: 'Object Repository/AdicionarCarrinho/div_Meu Carrinho' is clicked on

2018-02-01 11:04:36 - [TEST_STEP][PASSED] - check: Object 'Object Repository/AdicionarCarrinho/span_Cursos Adicionados' is checked

2018-02-01 11:04:40 - [MESSAGE][PASSED] - Object 'Object Repository/AdicionarCarrinho/span_Cursos Adicionados' is checked

2018-02-01 11:04:40 - [TEST_STEP][PASSED] - closeBrowser: Browser is closed

2018-02-01 11:04:41 - [MESSAGE][PASSED] - Browser is closed]]></system-out>
         <system-err><![CDATA[]]></system-err>
      </testcase>
      <testcase name="Test Cases/COMPRAS/Minhas inscricoes - Concluida" classname="Test Cases/COMPRAS/Minhas inscricoes - Concluida" status="PASSED">
         <system-out><![CDATA[2018-02-01 11:04:41 - [TEST_CASE][PASSED] - Test Cases/COMPRAS/Minhas inscricoes - Concluida: Test Cases/COMPRAS/Minhas inscricoes - Concluida

2018-02-01 11:04:41 - [TEST_STEP][PASSED] - openBrowser: Browser is opened with url: ''

2018-02-01 11:04:48 - [MESSAGE][PASSED] - Browser is opened with url: ''

2018-02-01 11:04:48 - [TEST_STEP][PASSED] - navigateToUrl: Navigate to 'https://lojavirtualhomolog.sebraego.com.br/loja/' successfully

2018-02-01 11:04:58 - [MESSAGE][PASSED] - Navigate to 'https://lojavirtualhomolog.sebraego.com.br/loja/' successfully

2018-02-01 11:04:58 - [TEST_STEP][PASSED] - click: Object: 'Object Repository/MinhasInscricoes/Page_SebraeGO  Loja Virtual - Curso/a_Entre' is clicked on

2018-02-01 11:05:03 - [MESSAGE][PASSED] - Object: 'Object Repository/MinhasInscricoes/Page_SebraeGO  Loja Virtual - Curso/a_Entre' is clicked on

2018-02-01 11:05:03 - [TEST_STEP][PASSED] - setText: Text '10238621405' is set on object 'Object Repository/MinhasInscricoes/Page_SebraeGO - Loja Virtual - Logi/input_cpf'

2018-02-01 11:05:07 - [MESSAGE][PASSED] - Text '10238621405' is set on object 'Object Repository/MinhasInscricoes/Page_SebraeGO - Loja Virtual - Logi/input_cpf'

2018-02-01 11:05:07 - [TEST_STEP][PASSED] - setText: Text '1234asdF' is set on object 'Object Repository/MinhasInscricoes/Page_SebraeGO - Loja Virtual - Logi/input_senha'

2018-02-01 11:05:11 - [MESSAGE][PASSED] - Text '1234asdF' is set on object 'Object Repository/MinhasInscricoes/Page_SebraeGO - Loja Virtual - Logi/input_senha'

2018-02-01 11:05:11 - [TEST_STEP][PASSED] - click: Object: 'Object Repository/MinhasInscricoes/Page_SebraeGO - Loja Virtual - Logi/input_ok' is clicked on

2018-02-01 11:05:17 - [MESSAGE][PASSED] - Object: 'Object Repository/MinhasInscricoes/Page_SebraeGO - Loja Virtual - Logi/input_ok' is clicked on

2018-02-01 11:05:17 - [TEST_STEP][PASSED] - click: Object: 'Object Repository/MinhasInscricoes/Page_SebraeGO  Loja Virtual - Curso/span_caret' is clicked on

2018-02-01 11:05:19 - [MESSAGE][PASSED] - Object: 'Object Repository/MinhasInscricoes/Page_SebraeGO  Loja Virtual - Curso/span_caret' is clicked on

2018-02-01 11:05:19 - [TEST_STEP][PASSED] - click: Object: 'Object Repository/MinhasInscricoes/Page_SebraeGO  Loja Virtual - Curso/a_Minhas inscries' is clicked on

2018-02-01 11:05:23 - [MESSAGE][PASSED] - Object: 'Object Repository/MinhasInscricoes/Page_SebraeGO  Loja Virtual - Curso/a_Minhas inscries' is clicked on

2018-02-01 11:05:23 - [TEST_STEP][PASSED] - selectOptionByValue: All options with value '2' are selected in object 'Object Repository/MinhasInscricoes/Page_SebraeGO  Loja Virtual - Minha/select_Selecione um statusPEND'  using regular expression

2018-02-01 11:05:42 - [MESSAGE][PASSED] - All options with value '2' are selected in object 'Object Repository/MinhasInscricoes/Page_SebraeGO  Loja Virtual - Minha/select_Selecione um statusPEND'  using regular expression

2018-02-01 11:05:42 - [TEST_STEP][PASSED] - click: Object: 'Object Repository/MinhasInscricoes/Page_SebraeGO  Loja Virtual - Minha/input_btnFiltrar' is clicked on

2018-02-01 11:05:46 - [MESSAGE][PASSED] - Object: 'Object Repository/MinhasInscricoes/Page_SebraeGO  Loja Virtual - Minha/input_btnFiltrar' is clicked on

2018-02-01 11:05:46 - [TEST_STEP][PASSED] - check: Object 'Object Repository/MinhasInscricoes/Page_SebraeGO  Loja Virtual - Minha/a_Comprovante de inscrio' is checked

2018-02-01 11:05:54 - [MESSAGE][PASSED] - Object 'Object Repository/MinhasInscricoes/Page_SebraeGO  Loja Virtual - Minha/a_Comprovante de inscrio' is checked

2018-02-01 11:05:54 - [TEST_STEP][PASSED] - closeBrowser: Browser is closed

2018-02-01 11:05:55 - [MESSAGE][PASSED] - Browser is closed]]></system-out>
         <system-err><![CDATA[]]></system-err>
      </testcase>
      <system-out><![CDATA[2018-02-01 11:03:38 - [TEST_SUITE][PASSED] - Compras: Test Cases/COMPRAS/Minhas inscricoes - Concluida]]></system-out>
      <system-err><![CDATA[]]></system-err>
   </testsuite>
</testsuites>
