<?xml version="1.0" encoding="UTF-8"?>
<testsuites name="Pag Entre" time="98" tests="1" failures="1" errors="0">
   <testsuite name="Pag Entre" tests="1" failures="1" errors="0" time="98" timestamp="2018-02-01 09:35:07" hostname="behoh-tester - DESKTOP-9LJP0A4" id="Test Suites/Pag Entre">
      <properties>
         <property name="deviceName" value=""/>
         <property name="devicePlatform" value=""/>
         <property name="logFolder" value="C:\\Users\\behoh-tester\\Katalon Studio\\Testes automatizados Producao Sebrae GO\\Reports\\Pag Entre\\20180201_093303"/>
         <property name="logFiles" value="C:\\Users\\behoh-tester\\Katalon Studio\\Testes automatizados Producao Sebrae GO\\Reports\\Pag Entre\\20180201_093303\\execution0.log"/>
         <property name="attachments" value="C:\\Users\\behoh-tester\\Katalon Studio\\Testes automatizados Producao Sebrae GO\\Reports\\Pag Entre\\20180201_093303\\1517488569835.png"/>
         <property name="hostName" value="behoh-tester - DESKTOP-9LJP0A4"/>
         <property name="os" value="Windows 10 64bit"/>
         <property name="katalonVersion" value="5.3.0.1"/>
         <property name="browser" value="Firefox 58.0"/>
         <property name="hostAddress" value="10.155.1.118"/>
         <property name="sessionId" value="bbcd9e9d-da04-4694-bd4b-17b89533ceca"/>
         <property name="seleniumVersion" value="3.7.1"/>
         <property name="proxyInformation" value="ProxyInformation{proxyOption=NO_PROXY, proxyServerType=HTTP, password=, proxyServerAddress=, proxyServerPort=0}"/>
         <property name="platform" value="Windows 10"/>
      </properties>
      <testcase name="Test Cases/ENTRE/Login Valido" classname="Test Cases/ENTRE/Login Valido" status="FAILED">
         <failure type="FAILED" message="Unable to click on object 'Object Repository/LoginValido/Page_SebraeGO  Loja Virtual - Curso/b_Utilize qualquer opo para lo' (Root cause: com.kms.katalon.core.webui.exception.WebElementNotFoundException: Web element with id: 'Object Repository/LoginValido/Page_SebraeGO  Loja Virtual - Curso/b_Utilize qualquer opo para lo' located by 'By.xpath: //b[(text() = 'Utilize qualquer opção para localizar eventos: ' or . = 'Utilize qualquer opção para localizar eventos: ')]' not found)"/>
         <system-out><![CDATA[2018-02-01 09:35:07 - [TEST_CASE][FAILED] - Test Cases/ENTRE/Login Valido: Test Cases/ENTRE/Login Valido FAILED because (of) Unable to click on object 'Object Repository/LoginValido/Page_SebraeGO  Loja Virtual - Curso/b_Utilize qualquer opo para lo' (Root cause: com.kms.katalon.core.webui.exception.WebElementNotFoundException: Web element with id: 'Object Repository/LoginValido/Page_SebraeGO  Loja Virtual - Curso/b_Utilize qualquer opo para lo' located by 'By.xpath: //b[(text() = 'Utilize qualquer opção para localizar eventos: ' or . = 'Utilize qualquer opção para localizar eventos: ')]' not found)

2018-02-01 09:35:08 - [TEST_STEP][PASSED] - openBrowser: Browser is opened with url: ''

2018-02-01 09:35:16 - [MESSAGE][PASSED] - Browser is opened with url: ''

2018-02-01 09:35:16 - [TEST_STEP][PASSED] - navigateToUrl: Navigate to 'https://lojavirtualhomolog.sebraego.com.br/loja/' successfully

2018-02-01 09:35:26 - [MESSAGE][PASSED] - Navigate to 'https://lojavirtualhomolog.sebraego.com.br/loja/' successfully

2018-02-01 09:35:26 - [TEST_STEP][PASSED] - click: Object: 'Object Repository/LoginValido/Page_SebraeGO  Loja Virtual - Curso/a_Entre' is clicked on

2018-02-01 09:35:31 - [MESSAGE][PASSED] - Object: 'Object Repository/LoginValido/Page_SebraeGO  Loja Virtual - Curso/a_Entre' is clicked on

2018-02-01 09:35:31 - [TEST_STEP][PASSED] - doubleClick: Object: 'Object Repository/LoginValido/Page_SebraeGO - Loja Virtual - Logi/input_cpf' is double clicked on

2018-02-01 09:35:33 - [MESSAGE][PASSED] - Object: 'Object Repository/LoginValido/Page_SebraeGO - Loja Virtual - Logi/input_cpf' is double clicked on

2018-02-01 09:35:33 - [TEST_STEP][PASSED] - setText: Text '1234asdF' is set on object 'Object Repository/LoginValido/Page_SebraeGO - Loja Virtual - Logi/input_senha'

2018-02-01 09:35:37 - [MESSAGE][PASSED] - Text '1234asdF' is set on object 'Object Repository/LoginValido/Page_SebraeGO - Loja Virtual - Logi/input_senha'

2018-02-01 09:35:37 - [TEST_STEP][PASSED] - click: Object: 'Object Repository/LoginValido/Page_SebraeGO - Loja Virtual - Logi/input_ok' is clicked on

2018-02-01 09:35:39 - [MESSAGE][PASSED] - Object: 'Object Repository/LoginValido/Page_SebraeGO - Loja Virtual - Logi/input_ok' is clicked on

2018-02-01 09:35:39 - [TEST_STEP][FAILED] - click: Unable to click on object 'Object Repository/LoginValido/Page_SebraeGO  Loja Virtual - Curso/b_Utilize qualquer opo para lo' (Root cause: com.kms.katalon.core.webui.exception.WebElementNotFoundException: Web element with id: 'Object Repository/LoginValido/Page_SebraeGO  Loja Virtual - Curso/b_Utilize qualquer opo para lo' located by 'By.xpath: //b[(text() = 'Utilize qualquer opção para localizar eventos: ' or . = 'Utilize qualquer opção para localizar eventos: ')]' not found)

2018-02-01 09:36:11 - [MESSAGE][FAILED] - Unable to click on object 'Object Repository/LoginValido/Page_SebraeGO  Loja Virtual - Curso/b_Utilize qualquer opo para lo' (Root cause: com.kms.katalon.core.webui.exception.WebElementNotFoundException: Web element with id: 'Object Repository/LoginValido/Page_SebraeGO  Loja Virtual - Curso/b_Utilize qualquer opo para lo' located by 'By.xpath: //b[(text() = 'Utilize qualquer opção para localizar eventos: ' or . = 'Utilize qualquer opção para localizar eventos: ')]' not found)
[[ATTACHMENT|C:\\Users\\behoh-tester\\Katalon Studio\\Testes automatizados Producao Sebrae GO\\Reports\\Pag Entre\\20180201_093303\\1517488569835.png]]]]></system-out>
         <system-err><![CDATA[2018-02-01 09:35:07 - [TEST_CASE][FAILED] - Test Cases/ENTRE/Login Valido: Test Cases/ENTRE/Login Valido FAILED because (of) Unable to click on object 'Object Repository/LoginValido/Page_SebraeGO  Loja Virtual - Curso/b_Utilize qualquer opo para lo' (Root cause: com.kms.katalon.core.webui.exception.WebElementNotFoundException: Web element with id: 'Object Repository/LoginValido/Page_SebraeGO  Loja Virtual - Curso/b_Utilize qualquer opo para lo' located by 'By.xpath: //b[(text() = 'Utilize qualquer opção para localizar eventos: ' or . = 'Utilize qualquer opção para localizar eventos: ')]' not found)]]></system-err>
      </testcase>
      <testcase name="Test Cases/ENTRE/RecuperacaoSenha" classname="Test Cases/ENTRE/RecuperacaoSenha" status="PASSED">
         <system-out><![CDATA[2018-02-01 09:36:11 - [TEST_CASE][PASSED] - Test Cases/ENTRE/RecuperacaoSenha: Test Cases/ENTRE/RecuperacaoSenha

2018-02-01 09:36:11 - [TEST_STEP][PASSED] - openBrowser: Browser is opened with url: ''

2018-02-01 09:36:11 - [MESSAGE][WARNING] - A browser is already opened. Closing browser and opening a new one

2018-02-01 09:36:19 - [MESSAGE][PASSED] - Browser is opened with url: ''

2018-02-01 09:36:19 - [TEST_STEP][PASSED] - navigateToUrl: Navigate to 'https://lojavirtualhomolog.sebraego.com.br/loja/' successfully

2018-02-01 09:36:26 - [MESSAGE][PASSED] - Navigate to 'https://lojavirtualhomolog.sebraego.com.br/loja/' successfully

2018-02-01 09:36:26 - [TEST_STEP][PASSED] - click: Object: 'Object Repository/RecuperarSenha/a_Entre' is clicked on

2018-02-01 09:36:30 - [MESSAGE][PASSED] - Object: 'Object Repository/RecuperarSenha/a_Entre' is clicked on

2018-02-01 09:36:30 - [TEST_STEP][PASSED] - click: Object: 'Object Repository/RecuperarSenha/a_No possuo ou esqueci minha s' is clicked on

2018-02-01 09:36:32 - [MESSAGE][PASSED] - Object: 'Object Repository/RecuperarSenha/a_No possuo ou esqueci minha s' is clicked on

2018-02-01 09:36:32 - [TEST_STEP][PASSED] - delay: Delayed 3 second(s)

2018-02-01 09:36:35 - [MESSAGE][PASSED] - Delayed 3 second(s)

2018-02-01 09:36:35 - [TEST_STEP][PASSED] - setText: Text '10238621405' is set on object 'Object Repository/RecuperarSenha/input_emailRecuperacao'

2018-02-01 09:36:39 - [MESSAGE][PASSED] - Text '10238621405' is set on object 'Object Repository/RecuperarSenha/input_emailRecuperacao'

2018-02-01 09:36:39 - [TEST_STEP][PASSED] - click: Object: 'Object Repository/RecuperarSenha/a_Receber email' is clicked on

2018-02-01 09:36:41 - [MESSAGE][PASSED] - Object: 'Object Repository/RecuperarSenha/a_Receber email' is clicked on

2018-02-01 09:36:41 - [TEST_STEP][PASSED] - check: Object 'Object Repository/RecuperarSenha/span_Um e-mail de confirmao fo' is checked

2018-02-01 09:36:45 - [MESSAGE][PASSED] - Object 'Object Repository/RecuperarSenha/span_Um e-mail de confirmao fo' is checked

2018-02-01 09:36:45 - [TEST_STEP][PASSED] - closeBrowser: Browser is closed

2018-02-01 09:36:46 - [MESSAGE][PASSED] - Browser is closed]]></system-out>
         <system-err><![CDATA[]]></system-err>
      </testcase>
      <system-out><![CDATA[2018-02-01 09:35:07 - [TEST_SUITE][FAILED] - Pag Entre: Test Cases/ENTRE/Login Valido FAILED because (of) Unable to click on object 'Object Repository/LoginValido/Page_SebraeGO  Loja Virtual - Curso/b_Utilize qualquer opo para lo' (Root cause: com.kms.katalon.core.webui.exception.WebElementNotFoundException: Web element with id: 'Object Repository/LoginValido/Page_SebraeGO  Loja Virtual - Curso/b_Utilize qualquer opo para lo' located by 'By.xpath: //b[(text() = 'Utilize qualquer opção para localizar eventos: ' or . = 'Utilize qualquer opção para localizar eventos: ')]' not found)]]></system-out>
      <system-err><![CDATA[2018-02-01 09:35:07 - [TEST_SUITE][FAILED] - Pag Entre: Test Cases/ENTRE/Login Valido FAILED because (of) Unable to click on object 'Object Repository/LoginValido/Page_SebraeGO  Loja Virtual - Curso/b_Utilize qualquer opo para lo' (Root cause: com.kms.katalon.core.webui.exception.WebElementNotFoundException: Web element with id: 'Object Repository/LoginValido/Page_SebraeGO  Loja Virtual - Curso/b_Utilize qualquer opo para lo' located by 'By.xpath: //b[(text() = 'Utilize qualquer opção para localizar eventos: ' or . = 'Utilize qualquer opção para localizar eventos: ')]' not found)]]></system-err>
   </testsuite>
</testsuites>
