<?xml version="1.0" encoding="UTF-8"?>
<testsuites name="Compras" time="144" tests="0" failures="3" errors="0">
   <testsuite name="Compras" tests="0" failures="3" errors="0" time="144" timestamp="2018-02-05 14:07:25" hostname="behoh-tester - DESKTOP-9LJP0A4" id="Test Suites/Compras">
      <properties>
         <property name="deviceName" value=""/>
         <property name="devicePlatform" value=""/>
         <property name="logFolder" value="C:\\Users\\behoh-tester\\Katalon Studio\\Testes automatizados Producao Sebrae GO\\Reports\\Compras\\20180205_140722"/>
         <property name="logFiles" value="C:\\Users\\behoh-tester\\Katalon Studio\\Testes automatizados Producao Sebrae GO\\Reports\\Compras\\20180205_140722\\execution0.log"/>
         <property name="attachments" value="C:\\Users\\behoh-tester\\Katalon Studio\\Testes automatizados Producao Sebrae GO\\Reports\\Compras\\20180205_140722\\1517850515531.png, C:\\Users\\behoh-tester\\Katalon Studio\\Testes automatizados Producao Sebrae GO\\Reports\\Compras\\20180205_140722\\1517850553165.png, C:\\Users\\behoh-tester\\Katalon Studio\\Testes automatizados Producao Sebrae GO\\Reports\\Compras\\20180205_140722\\1517850587808.png"/>
         <property name="hostName" value="behoh-tester - DESKTOP-9LJP0A4"/>
         <property name="os" value="Windows 10 64bit"/>
         <property name="katalonVersion" value="5.3.0.1"/>
         <property name="browser" value="Firefox 58.0"/>
         <property name="hostAddress" value="10.155.1.119"/>
         <property name="sessionId" value="01b20fbf-e027-421f-9f51-6c86a70d973f"/>
         <property name="seleniumVersion" value="3.7.1"/>
         <property name="proxyInformation" value="ProxyInformation{proxyOption=NO_PROXY, proxyServerType=HTTP, password=, proxyServerAddress=, proxyServerPort=0}"/>
         <property name="platform" value="Windows 10"/>
      </properties>
      <testcase name="Test Cases/COMPRAS/Adicionar Carrinho" classname="Test Cases/COMPRAS/Adicionar Carrinho" status="FAILED">
         <failure type="FAILED" message="Unable to click on object 'Object Repository/AdicionarCarrinho/h3_Custos para produzir No Cam' (Root cause: com.kms.katalon.core.webui.exception.WebElementNotFoundException: Web element with id: 'Object Repository/AdicionarCarrinho/h3_Custos para produzir No Cam' located by 'By.xpath: id(&quot;principal&quot;)/div[@class=&quot;lista_principal row&quot;]/div[@id=&quot;dtl1738041&quot;]/div[@id=&quot;dtl1738041&quot;]/div[@class=&quot;margin&quot;]/a[1]/h3[@class=&quot;tituloCurso&quot;][count(. | //h3[@class = 'tituloCurso']) = count(//h3[@class = 'tituloCurso'])]' not found)"/>
         <system-out><![CDATA[2018-02-05 14:07:26 - [TEST_CASE][FAILED] - Test Cases/COMPRAS/Adicionar Carrinho: Test Cases/COMPRAS/Adicionar Carrinho FAILED because (of) Unable to click on object 'Object Repository/AdicionarCarrinho/h3_Custos para produzir No Cam' (Root cause: com.kms.katalon.core.webui.exception.WebElementNotFoundException: Web element with id: 'Object Repository/AdicionarCarrinho/h3_Custos para produzir No Cam' located by 'By.xpath: id("principal")/div[@class="lista_principal row"]/div[@id="dtl1738041"]/div[@id="dtl1738041"]/div[@class="margin"]/a[1]/h3[@class="tituloCurso"][count(. | //h3[@class = 'tituloCurso']) = count(//h3[@class = 'tituloCurso'])]' not found)

2018-02-05 14:07:26 - [TEST_STEP][PASSED] - openBrowser: Browser is opened with url: ''

2018-02-05 14:07:38 - [MESSAGE][PASSED] - Browser is opened with url: ''

2018-02-05 14:07:38 - [TEST_STEP][PASSED] - navigateToUrl: Navigate to 'https://lojavirtualhomolog.sebraego.com.br/loja/' successfully

2018-02-05 14:07:45 - [MESSAGE][PASSED] - Navigate to 'https://lojavirtualhomolog.sebraego.com.br/loja/' successfully

2018-02-05 14:07:45 - [TEST_STEP][PASSED] - click: Object: 'Object Repository/AdicionarCarrinho/a_Entre' is clicked on

2018-02-05 14:07:49 - [MESSAGE][PASSED] - Object: 'Object Repository/AdicionarCarrinho/a_Entre' is clicked on

2018-02-05 14:07:49 - [TEST_STEP][PASSED] - setText: Text '10238621405' is set on object 'Object Repository/AdicionarCarrinho/input_cpf'

2018-02-05 14:07:53 - [MESSAGE][PASSED] - Text '10238621405' is set on object 'Object Repository/AdicionarCarrinho/input_cpf'

2018-02-05 14:07:53 - [TEST_STEP][PASSED] - setText: Text '1234asdF' is set on object 'Object Repository/AdicionarCarrinho/input_senha'

2018-02-05 14:07:57 - [MESSAGE][PASSED] - Text '1234asdF' is set on object 'Object Repository/AdicionarCarrinho/input_senha'

2018-02-05 14:07:57 - [TEST_STEP][PASSED] - click: Object: 'Object Repository/AdicionarCarrinho/input_ok' is clicked on

2018-02-05 14:08:05 - [MESSAGE][PASSED] - Object: 'Object Repository/AdicionarCarrinho/input_ok' is clicked on

2018-02-05 14:08:05 - [TEST_STEP][FAILED] - click: Unable to click on object 'Object Repository/AdicionarCarrinho/h3_Custos para produzir No Cam' (Root cause: com.kms.katalon.core.webui.exception.WebElementNotFoundException: Web element with id: 'Object Repository/AdicionarCarrinho/h3_Custos para produzir No Cam' located by 'By.xpath: id("principal")/div[@class="lista_principal row"]/div[@id="dtl1738041"]/div[@id="dtl1738041"]/div[@class="margin"]/a[1]/h3[@class="tituloCurso"][count(. | //h3[@class = 'tituloCurso']) = count(//h3[@class = 'tituloCurso'])]' not found)

2018-02-05 14:08:36 - [MESSAGE][FAILED] - Unable to click on object 'Object Repository/AdicionarCarrinho/h3_Custos para produzir No Cam' (Root cause: com.kms.katalon.core.webui.exception.WebElementNotFoundException: Web element with id: 'Object Repository/AdicionarCarrinho/h3_Custos para produzir No Cam' located by 'By.xpath: id("principal")/div[@class="lista_principal row"]/div[@id="dtl1738041"]/div[@id="dtl1738041"]/div[@class="margin"]/a[1]/h3[@class="tituloCurso"][count(. | //h3[@class = 'tituloCurso']) = count(//h3[@class = 'tituloCurso'])]' not found)
[[ATTACHMENT|C:\\Users\\behoh-tester\\Katalon Studio\\Testes automatizados Producao Sebrae GO\\Reports\\Compras\\20180205_140722\\1517850515531.png]]]]></system-out>
         <system-err><![CDATA[2018-02-05 14:07:26 - [TEST_CASE][FAILED] - Test Cases/COMPRAS/Adicionar Carrinho: Test Cases/COMPRAS/Adicionar Carrinho FAILED because (of) Unable to click on object 'Object Repository/AdicionarCarrinho/h3_Custos para produzir No Cam' (Root cause: com.kms.katalon.core.webui.exception.WebElementNotFoundException: Web element with id: 'Object Repository/AdicionarCarrinho/h3_Custos para produzir No Cam' located by 'By.xpath: id("principal")/div[@class="lista_principal row"]/div[@id="dtl1738041"]/div[@id="dtl1738041"]/div[@class="margin"]/a[1]/h3[@class="tituloCurso"][count(. | //h3[@class = 'tituloCurso']) = count(//h3[@class = 'tituloCurso'])]' not found)]]></system-err>
      </testcase>
      <testcase name="Test Cases/COMPRAS/Minhas inscricoes - Concluida" classname="Test Cases/COMPRAS/Minhas inscricoes - Concluida" status="FAILED">
         <failure type="FAILED" message="Unable to click on object 'Object Repository/MinhasInscricoes/Page_SebraeGO  Loja Virtual - Curso/span_caret' (Root cause: org.openqa.selenium.ElementClickInterceptedException: Element &lt;button class=&quot;btn btn-default dropdown-toggle btnLogado&quot; type=&quot;button&quot;> is not clickable at point (1179.324935913086,30) because another element &lt;div id=&quot;modal_dados_atualizados&quot; class=&quot;modal fade in&quot;> obscures it
Build info: version: '3.7.1', revision: '8a0099a', time: '2017-11-06T21:07:36.161Z'
System info: host: 'DESKTOP-9LJP0A4', ip: '10.155.1.119', os.name: 'Windows 10', os.arch: 'amd64', os.version: '10.0', java.version: '1.8.0_102'
Driver info: com.kms.katalon.core.webui.driver.firefox.CGeckoDriver
Capabilities {acceptInsecureCerts: true, browserName: firefox, browserVersion: 58.0.1, javascriptEnabled: true, moz:accessibilityChecks: false, moz:headless: false, moz:processID: 8864, moz:profile: C:\Users\behoh-tester\AppDa..., moz:webdriverClick: true, pageLoadStrategy: normal, platform: XP, platformName: XP, platformVersion: 10.0, proxy: Proxy(direct), rotatable: false, timeouts: {implicit: 0, pageLoad: 300000, script: 30000}}
Session ID: 1276c322-6bd5-4412-a67a-e93585ccd190)"/>
         <system-out><![CDATA[2018-02-05 14:08:36 - [TEST_CASE][FAILED] - Test Cases/COMPRAS/Minhas inscricoes - Concluida: Test Cases/COMPRAS/Minhas inscricoes - Concluida FAILED because (of) Unable to click on object 'Object Repository/MinhasInscricoes/Page_SebraeGO  Loja Virtual - Curso/span_caret' (Root cause: org.openqa.selenium.ElementClickInterceptedException: Element <button class="btn btn-default dropdown-toggle btnLogado" type="button"> is not clickable at point (1179.324935913086,30) because another element <div id="modal_dados_atualizados" class="modal fade in"> obscures it
Build info: version: '3.7.1', revision: '8a0099a', time: '2017-11-06T21:07:36.161Z'
System info: host: 'DESKTOP-9LJP0A4', ip: '10.155.1.119', os.name: 'Windows 10', os.arch: 'amd64', os.version: '10.0', java.version: '1.8.0_102'
Driver info: com.kms.katalon.core.webui.driver.firefox.CGeckoDriver
Capabilities {acceptInsecureCerts: true, browserName: firefox, browserVersion: 58.0.1, javascriptEnabled: true, moz:accessibilityChecks: false, moz:headless: false, moz:processID: 8864, moz:profile: C:\Users\behoh-tester\AppDa..., moz:webdriverClick: true, pageLoadStrategy: normal, platform: XP, platformName: XP, platformVersion: 10.0, proxy: Proxy(direct), rotatable: false, timeouts: {implicit: 0, pageLoad: 300000, script: 30000}}
Session ID: 1276c322-6bd5-4412-a67a-e93585ccd190)

2018-02-05 14:08:36 - [TEST_STEP][PASSED] - openBrowser: Browser is opened with url: ''

2018-02-05 14:08:36 - [MESSAGE][WARNING] - A browser is already opened. Closing browser and opening a new one

2018-02-05 14:08:47 - [MESSAGE][PASSED] - Browser is opened with url: ''

2018-02-05 14:08:47 - [TEST_STEP][PASSED] - navigateToUrl: Navigate to 'https://lojavirtualhomolog.sebraego.com.br/loja/' successfully

2018-02-05 14:08:53 - [MESSAGE][PASSED] - Navigate to 'https://lojavirtualhomolog.sebraego.com.br/loja/' successfully

2018-02-05 14:08:53 - [TEST_STEP][PASSED] - click: Object: 'Object Repository/MinhasInscricoes/Page_SebraeGO  Loja Virtual - Curso/a_Entre' is clicked on

2018-02-05 14:08:56 - [MESSAGE][PASSED] - Object: 'Object Repository/MinhasInscricoes/Page_SebraeGO  Loja Virtual - Curso/a_Entre' is clicked on

2018-02-05 14:08:56 - [TEST_STEP][PASSED] - setText: Text '10238621405' is set on object 'Object Repository/MinhasInscricoes/Page_SebraeGO - Loja Virtual - Logi/input_cpf'

2018-02-05 14:09:00 - [MESSAGE][PASSED] - Text '10238621405' is set on object 'Object Repository/MinhasInscricoes/Page_SebraeGO - Loja Virtual - Logi/input_cpf'

2018-02-05 14:09:00 - [TEST_STEP][PASSED] - setText: Text '1234asdF' is set on object 'Object Repository/MinhasInscricoes/Page_SebraeGO - Loja Virtual - Logi/input_senha'

2018-02-05 14:09:05 - [MESSAGE][PASSED] - Text '1234asdF' is set on object 'Object Repository/MinhasInscricoes/Page_SebraeGO - Loja Virtual - Logi/input_senha'

2018-02-05 14:09:05 - [TEST_STEP][PASSED] - click: Object: 'Object Repository/MinhasInscricoes/Page_SebraeGO - Loja Virtual - Logi/input_ok' is clicked on

2018-02-05 14:09:10 - [MESSAGE][PASSED] - Object: 'Object Repository/MinhasInscricoes/Page_SebraeGO - Loja Virtual - Logi/input_ok' is clicked on

2018-02-05 14:09:11 - [TEST_STEP][FAILED] - click: Unable to click on object 'Object Repository/MinhasInscricoes/Page_SebraeGO  Loja Virtual - Curso/span_caret' (Root cause: org.openqa.selenium.ElementClickInterceptedException: Element <button class="btn btn-default dropdown-toggle btnLogado" type="button"> is not clickable at point (1179.324935913086,30) because another element <div id="modal_dados_atualizados" class="modal fade in"> obscures it
Build info: version: '3.7.1', revision: '8a0099a', time: '2017-11-06T21:07:36.161Z'
System info: host: 'DESKTOP-9LJP0A4', ip: '10.155.1.119', os.name: 'Windows 10', os.arch: 'amd64', os.version: '10.0', java.version: '1.8.0_102'
Driver info: com.kms.katalon.core.webui.driver.firefox.CGeckoDriver
Capabilities {acceptInsecureCerts: true, browserName: firefox, browserVersion: 58.0.1, javascriptEnabled: true, moz:accessibilityChecks: false, moz:headless: false, moz:processID: 8864, moz:profile: C:\Users\behoh-tester\AppDa..., moz:webdriverClick: true, pageLoadStrategy: normal, platform: XP, platformName: XP, platformVersion: 10.0, proxy: Proxy(direct), rotatable: false, timeouts: {implicit: 0, pageLoad: 300000, script: 30000}}
Session ID: 1276c322-6bd5-4412-a67a-e93585ccd190)

2018-02-05 14:09:14 - [MESSAGE][FAILED] - Unable to click on object 'Object Repository/MinhasInscricoes/Page_SebraeGO  Loja Virtual - Curso/span_caret' (Root cause: org.openqa.selenium.ElementClickInterceptedException: Element <button class="btn btn-default dropdown-toggle btnLogado" type="button"> is not clickable at point (1179.324935913086,30) because another element <div id="modal_dados_atualizados" class="modal fade in"> obscures it
Build info: version: '3.7.1', revision: '8a0099a', time: '2017-11-06T21:07:36.161Z'
System info: host: 'DESKTOP-9LJP0A4', ip: '10.155.1.119', os.name: 'Windows 10', os.arch: 'amd64', os.version: '10.0', java.version: '1.8.0_102'
Driver info: com.kms.katalon.core.webui.driver.firefox.CGeckoDriver
Capabilities {acceptInsecureCerts: true, browserName: firefox, browserVersion: 58.0.1, javascriptEnabled: true, moz:accessibilityChecks: false, moz:headless: false, moz:processID: 8864, moz:profile: C:\Users\behoh-tester\AppDa..., moz:webdriverClick: true, pageLoadStrategy: normal, platform: XP, platformName: XP, platformVersion: 10.0, proxy: Proxy(direct), rotatable: false, timeouts: {implicit: 0, pageLoad: 300000, script: 30000}}
Session ID: 1276c322-6bd5-4412-a67a-e93585ccd190)
[[ATTACHMENT|C:\\Users\\behoh-tester\\Katalon Studio\\Testes automatizados Producao Sebrae GO\\Reports\\Compras\\20180205_140722\\1517850553165.png]]]]></system-out>
         <system-err><![CDATA[2018-02-05 14:08:36 - [TEST_CASE][FAILED] - Test Cases/COMPRAS/Minhas inscricoes - Concluida: Test Cases/COMPRAS/Minhas inscricoes - Concluida FAILED because (of) Unable to click on object 'Object Repository/MinhasInscricoes/Page_SebraeGO  Loja Virtual - Curso/span_caret' (Root cause: org.openqa.selenium.ElementClickInterceptedException: Element <button class="btn btn-default dropdown-toggle btnLogado" type="button"> is not clickable at point (1179.324935913086,30) because another element <div id="modal_dados_atualizados" class="modal fade in"> obscures it
Build info: version: '3.7.1', revision: '8a0099a', time: '2017-11-06T21:07:36.161Z'
System info: host: 'DESKTOP-9LJP0A4', ip: '10.155.1.119', os.name: 'Windows 10', os.arch: 'amd64', os.version: '10.0', java.version: '1.8.0_102'
Driver info: com.kms.katalon.core.webui.driver.firefox.CGeckoDriver
Capabilities {acceptInsecureCerts: true, browserName: firefox, browserVersion: 58.0.1, javascriptEnabled: true, moz:accessibilityChecks: false, moz:headless: false, moz:processID: 8864, moz:profile: C:\Users\behoh-tester\AppDa..., moz:webdriverClick: true, pageLoadStrategy: normal, platform: XP, platformName: XP, platformVersion: 10.0, proxy: Proxy(direct), rotatable: false, timeouts: {implicit: 0, pageLoad: 300000, script: 30000}}
Session ID: 1276c322-6bd5-4412-a67a-e93585ccd190)]]></system-err>
      </testcase>
      <testcase name="Test Cases/COMPRAS/Minhas inscricoes - Sem Resultado" classname="Test Cases/COMPRAS/Minhas inscricoes - Sem Resultado" status="FAILED">
         <failure type="FAILED" message="Unable to click on object 'Object Repository/MinhasInscricoes Vazia/Page_SebraeGO  Loja Virtual - Curso/span_caret' (Root cause: org.openqa.selenium.ElementClickInterceptedException: Element &lt;button class=&quot;btn btn-default dropdown-toggle btnLogado&quot; type=&quot;button&quot;> is not clickable at point (1179.324935913086,30) because another element &lt;div id=&quot;modal_dados_atualizados&quot; class=&quot;modal fade in&quot;> obscures it
Build info: version: '3.7.1', revision: '8a0099a', time: '2017-11-06T21:07:36.161Z'
System info: host: 'DESKTOP-9LJP0A4', ip: '10.155.1.119', os.name: 'Windows 10', os.arch: 'amd64', os.version: '10.0', java.version: '1.8.0_102'
Driver info: com.kms.katalon.core.webui.driver.firefox.CGeckoDriver
Capabilities {acceptInsecureCerts: true, browserName: firefox, browserVersion: 58.0.1, javascriptEnabled: true, moz:accessibilityChecks: false, moz:headless: false, moz:processID: 12536, moz:profile: C:\Users\behoh-tester\AppDa..., moz:webdriverClick: true, pageLoadStrategy: normal, platform: XP, platformName: XP, platformVersion: 10.0, proxy: Proxy(direct), rotatable: false, timeouts: {implicit: 0, pageLoad: 300000, script: 30000}}
Session ID: 01b20fbf-e027-421f-9f51-6c86a70d973f)"/>
         <system-out><![CDATA[2018-02-05 14:09:14 - [TEST_CASE][FAILED] - Test Cases/COMPRAS/Minhas inscricoes - Sem Resultado: Test Cases/COMPRAS/Minhas inscricoes - Sem Resultado FAILED because (of) Unable to click on object 'Object Repository/MinhasInscricoes Vazia/Page_SebraeGO  Loja Virtual - Curso/span_caret' (Root cause: org.openqa.selenium.ElementClickInterceptedException: Element <button class="btn btn-default dropdown-toggle btnLogado" type="button"> is not clickable at point (1179.324935913086,30) because another element <div id="modal_dados_atualizados" class="modal fade in"> obscures it
Build info: version: '3.7.1', revision: '8a0099a', time: '2017-11-06T21:07:36.161Z'
System info: host: 'DESKTOP-9LJP0A4', ip: '10.155.1.119', os.name: 'Windows 10', os.arch: 'amd64', os.version: '10.0', java.version: '1.8.0_102'
Driver info: com.kms.katalon.core.webui.driver.firefox.CGeckoDriver
Capabilities {acceptInsecureCerts: true, browserName: firefox, browserVersion: 58.0.1, javascriptEnabled: true, moz:accessibilityChecks: false, moz:headless: false, moz:processID: 12536, moz:profile: C:\Users\behoh-tester\AppDa..., moz:webdriverClick: true, pageLoadStrategy: normal, platform: XP, platformName: XP, platformVersion: 10.0, proxy: Proxy(direct), rotatable: false, timeouts: {implicit: 0, pageLoad: 300000, script: 30000}}
Session ID: 01b20fbf-e027-421f-9f51-6c86a70d973f)

2018-02-05 14:09:14 - [TEST_STEP][PASSED] - openBrowser: Browser is opened with url: ''

2018-02-05 14:09:14 - [MESSAGE][WARNING] - A browser is already opened. Closing browser and opening a new one

2018-02-05 14:09:23 - [MESSAGE][PASSED] - Browser is opened with url: ''

2018-02-05 14:09:23 - [TEST_STEP][PASSED] - navigateToUrl: Navigate to 'https://lojavirtualhomolog.sebraego.com.br/loja/' successfully

2018-02-05 14:09:28 - [MESSAGE][PASSED] - Navigate to 'https://lojavirtualhomolog.sebraego.com.br/loja/' successfully

2018-02-05 14:09:28 - [TEST_STEP][PASSED] - click: Object: 'Object Repository/MinhasInscricoes Vazia/Page_SebraeGO  Loja Virtual - Curso/a_Entre' is clicked on

2018-02-05 14:09:31 - [MESSAGE][PASSED] - Object: 'Object Repository/MinhasInscricoes Vazia/Page_SebraeGO  Loja Virtual - Curso/a_Entre' is clicked on

2018-02-05 14:09:31 - [TEST_STEP][PASSED] - setText: Text '10238621405' is set on object 'Object Repository/MinhasInscricoes Vazia/Page_SebraeGO - Loja Virtual - Logi/input_cpf'

2018-02-05 14:09:36 - [MESSAGE][PASSED] - Text '10238621405' is set on object 'Object Repository/MinhasInscricoes Vazia/Page_SebraeGO - Loja Virtual - Logi/input_cpf'

2018-02-05 14:09:36 - [TEST_STEP][PASSED] - setText: Text '1234asdF' is set on object 'Object Repository/MinhasInscricoes Vazia/Page_SebraeGO - Loja Virtual - Logi/input_senha'

2018-02-05 14:09:40 - [MESSAGE][PASSED] - Text '1234asdF' is set on object 'Object Repository/MinhasInscricoes Vazia/Page_SebraeGO - Loja Virtual - Logi/input_senha'

2018-02-05 14:09:40 - [TEST_STEP][PASSED] - click: Object: 'Object Repository/MinhasInscricoes Vazia/Page_SebraeGO - Loja Virtual - Logi/input_ok' is clicked on

2018-02-05 14:09:45 - [MESSAGE][PASSED] - Object: 'Object Repository/MinhasInscricoes Vazia/Page_SebraeGO - Loja Virtual - Logi/input_ok' is clicked on

2018-02-05 14:09:45 - [TEST_STEP][FAILED] - click: Unable to click on object 'Object Repository/MinhasInscricoes Vazia/Page_SebraeGO  Loja Virtual - Curso/span_caret' (Root cause: org.openqa.selenium.ElementClickInterceptedException: Element <button class="btn btn-default dropdown-toggle btnLogado" type="button"> is not clickable at point (1179.324935913086,30) because another element <div id="modal_dados_atualizados" class="modal fade in"> obscures it
Build info: version: '3.7.1', revision: '8a0099a', time: '2017-11-06T21:07:36.161Z'
System info: host: 'DESKTOP-9LJP0A4', ip: '10.155.1.119', os.name: 'Windows 10', os.arch: 'amd64', os.version: '10.0', java.version: '1.8.0_102'
Driver info: com.kms.katalon.core.webui.driver.firefox.CGeckoDriver
Capabilities {acceptInsecureCerts: true, browserName: firefox, browserVersion: 58.0.1, javascriptEnabled: true, moz:accessibilityChecks: false, moz:headless: false, moz:processID: 12536, moz:profile: C:\Users\behoh-tester\AppDa..., moz:webdriverClick: true, pageLoadStrategy: normal, platform: XP, platformName: XP, platformVersion: 10.0, proxy: Proxy(direct), rotatable: false, timeouts: {implicit: 0, pageLoad: 300000, script: 30000}}
Session ID: 01b20fbf-e027-421f-9f51-6c86a70d973f)

2018-02-05 14:09:48 - [MESSAGE][FAILED] - Unable to click on object 'Object Repository/MinhasInscricoes Vazia/Page_SebraeGO  Loja Virtual - Curso/span_caret' (Root cause: org.openqa.selenium.ElementClickInterceptedException: Element <button class="btn btn-default dropdown-toggle btnLogado" type="button"> is not clickable at point (1179.324935913086,30) because another element <div id="modal_dados_atualizados" class="modal fade in"> obscures it
Build info: version: '3.7.1', revision: '8a0099a', time: '2017-11-06T21:07:36.161Z'
System info: host: 'DESKTOP-9LJP0A4', ip: '10.155.1.119', os.name: 'Windows 10', os.arch: 'amd64', os.version: '10.0', java.version: '1.8.0_102'
Driver info: com.kms.katalon.core.webui.driver.firefox.CGeckoDriver
Capabilities {acceptInsecureCerts: true, browserName: firefox, browserVersion: 58.0.1, javascriptEnabled: true, moz:accessibilityChecks: false, moz:headless: false, moz:processID: 12536, moz:profile: C:\Users\behoh-tester\AppDa..., moz:webdriverClick: true, pageLoadStrategy: normal, platform: XP, platformName: XP, platformVersion: 10.0, proxy: Proxy(direct), rotatable: false, timeouts: {implicit: 0, pageLoad: 300000, script: 30000}}
Session ID: 01b20fbf-e027-421f-9f51-6c86a70d973f)
[[ATTACHMENT|C:\\Users\\behoh-tester\\Katalon Studio\\Testes automatizados Producao Sebrae GO\\Reports\\Compras\\20180205_140722\\1517850587808.png]]]]></system-out>
         <system-err><![CDATA[2018-02-05 14:09:14 - [TEST_CASE][FAILED] - Test Cases/COMPRAS/Minhas inscricoes - Sem Resultado: Test Cases/COMPRAS/Minhas inscricoes - Sem Resultado FAILED because (of) Unable to click on object 'Object Repository/MinhasInscricoes Vazia/Page_SebraeGO  Loja Virtual - Curso/span_caret' (Root cause: org.openqa.selenium.ElementClickInterceptedException: Element <button class="btn btn-default dropdown-toggle btnLogado" type="button"> is not clickable at point (1179.324935913086,30) because another element <div id="modal_dados_atualizados" class="modal fade in"> obscures it
Build info: version: '3.7.1', revision: '8a0099a', time: '2017-11-06T21:07:36.161Z'
System info: host: 'DESKTOP-9LJP0A4', ip: '10.155.1.119', os.name: 'Windows 10', os.arch: 'amd64', os.version: '10.0', java.version: '1.8.0_102'
Driver info: com.kms.katalon.core.webui.driver.firefox.CGeckoDriver
Capabilities {acceptInsecureCerts: true, browserName: firefox, browserVersion: 58.0.1, javascriptEnabled: true, moz:accessibilityChecks: false, moz:headless: false, moz:processID: 12536, moz:profile: C:\Users\behoh-tester\AppDa..., moz:webdriverClick: true, pageLoadStrategy: normal, platform: XP, platformName: XP, platformVersion: 10.0, proxy: Proxy(direct), rotatable: false, timeouts: {implicit: 0, pageLoad: 300000, script: 30000}}
Session ID: 01b20fbf-e027-421f-9f51-6c86a70d973f)]]></system-err>
      </testcase>
      <system-out><![CDATA[2018-02-05 14:07:25 - [TEST_SUITE][FAILED] - Compras: Test Cases/COMPRAS/Adicionar Carrinho FAILED because (of) Unable to click on object 'Object Repository/AdicionarCarrinho/h3_Custos para produzir No Cam' (Root cause: com.kms.katalon.core.webui.exception.WebElementNotFoundException: Web element with id: 'Object Repository/AdicionarCarrinho/h3_Custos para produzir No Cam' located by 'By.xpath: id("principal")/div[@class="lista_principal row"]/div[@id="dtl1738041"]/div[@id="dtl1738041"]/div[@class="margin"]/a[1]/h3[@class="tituloCurso"][count(. | //h3[@class = 'tituloCurso']) = count(//h3[@class = 'tituloCurso'])]' not found)]]></system-out>
      <system-err><![CDATA[2018-02-05 14:07:25 - [TEST_SUITE][FAILED] - Compras: Test Cases/COMPRAS/Adicionar Carrinho FAILED because (of) Unable to click on object 'Object Repository/AdicionarCarrinho/h3_Custos para produzir No Cam' (Root cause: com.kms.katalon.core.webui.exception.WebElementNotFoundException: Web element with id: 'Object Repository/AdicionarCarrinho/h3_Custos para produzir No Cam' located by 'By.xpath: id("principal")/div[@class="lista_principal row"]/div[@id="dtl1738041"]/div[@id="dtl1738041"]/div[@class="margin"]/a[1]/h3[@class="tituloCurso"][count(. | //h3[@class = 'tituloCurso']) = count(//h3[@class = 'tituloCurso'])]' not found)]]></system-err>
   </testsuite>
</testsuites>
