<?xml version="1.0" encoding="UTF-8"?>
<testsuites name="Validacao Campos" time="20" tests="3" failures="0" errors="0">
   <testsuite name="Validacao Campos" tests="3" failures="0" errors="0" time="20" timestamp="2018-01-25 17:58:00" hostname="behoh-tester - DESKTOP-9LJP0A4" id="Test Suites/Validacao Campos">
      <properties>
         <property name="deviceName" value=""/>
         <property name="devicePlatform" value=""/>
         <property name="logFolder" value="C:\\Users\\behoh-tester\\Katalon Studio\\Testes automatizados Producao Sebrae GO\\Reports\\Validacao Campos\\20180125_175531"/>
         <property name="logFiles" value="C:\\Users\\behoh-tester\\Katalon Studio\\Testes automatizados Producao Sebrae GO\\Reports\\Validacao Campos\\20180125_175531\\execution0.log"/>
         <property name="attachments" value=""/>
         <property name="hostName" value="behoh-tester - DESKTOP-9LJP0A4"/>
         <property name="os" value="Windows 10 64bit"/>
         <property name="katalonVersion" value="5.2.0.1"/>
         <property name="browser" value="Chrome 63.0.3239.132"/>
         <property name="hostAddress" value="10.155.1.118"/>
         <property name="sessionId" value="f48f4fe54cf4adf406b2358e6a367008"/>
         <property name="seleniumVersion" value="3.7.1"/>
         <property name="proxyInformation" value="ProxyInformation{proxyOption=NO_PROXY, proxyServerType=HTTP, password=, proxyServerAddress=, proxyServerPort=0}"/>
         <property name="platform" value="Windows 10"/>
      </properties>
      <testcase name="Test Cases/Verificar Titular Cartao" classname="Test Cases/Verificar Titular Cartao" status="PASSED">
         <system-out><![CDATA[2018-01-25 17:58:00 - [TEST_CASE][PASSED] - Test Cases/Verificar Titular Cartao: Test Cases/Verificar Titular Cartao

2018-01-25 17:58:01 - [TEST_STEP][PASSED] - Statement - return null: null]]></system-out>
         <system-err><![CDATA[]]></system-err>
      </testcase>
      <testcase name="Test Cases/Verificar Email Rodape" classname="Test Cases/Verificar Email Rodape" status="PASSED">
         <system-out><![CDATA[2018-01-25 17:58:01 - [TEST_CASE][PASSED] - Test Cases/Verificar Email Rodape: Test Cases/Verificar Email Rodape

2018-01-25 17:58:01 - [TEST_STEP][PASSED] - openBrowser: Browser is opened with url: ''

2018-01-25 17:58:04 - [MESSAGE][PASSED] - Browser is opened with url: ''

2018-01-25 17:58:04 - [TEST_STEP][PASSED] - navigateToUrl: Navigate to 'https://lojavirtualhomolog.sebraego.com.br/loja/' successfully

2018-01-25 17:58:09 - [MESSAGE][PASSED] - Navigate to 'https://lojavirtualhomolog.sebraego.com.br/loja/' successfully

2018-01-25 17:58:09 - [TEST_STEP][PASSED] - check: Object 'Object Repository/ValidacaoEmail/p_atendimentosebraego.com.br' is checked

2018-01-25 17:58:10 - [MESSAGE][PASSED] - Object 'Object Repository/ValidacaoEmail/p_atendimentosebraego.com.br' is checked

2018-01-25 17:58:10 - [TEST_STEP][PASSED] - closeBrowser: Browser is closed

2018-01-25 17:58:10 - [MESSAGE][PASSED] - Browser is closed]]></system-out>
         <system-err><![CDATA[]]></system-err>
      </testcase>
      <testcase name="Test Cases/Verificar PoliticasPrivacidade" classname="Test Cases/Verificar PoliticasPrivacidade" status="PASSED">
         <system-out><![CDATA[2018-01-25 17:58:10 - [TEST_CASE][PASSED] - Test Cases/Verificar PoliticasPrivacidade: Test Cases/Verificar PoliticasPrivacidade

2018-01-25 17:58:10 - [TEST_STEP][PASSED] - openBrowser: Browser is opened with url: ''

2018-01-25 17:58:12 - [MESSAGE][PASSED] - Browser is opened with url: ''

2018-01-25 17:58:12 - [TEST_STEP][PASSED] - navigateToUrl: Navigate to 'https://lojavirtualhomolog.sebraego.com.br/loja/' successfully

2018-01-25 17:58:18 - [MESSAGE][PASSED] - Navigate to 'https://lojavirtualhomolog.sebraego.com.br/loja/' successfully

2018-01-25 17:58:18 - [TEST_STEP][PASSED] - click: Object: 'Object Repository/Verificar PoliticaPrivacidade/a_Poltica de comercializao e p' is clicked on

2018-01-25 17:58:19 - [MESSAGE][PASSED] - Object: 'Object Repository/Verificar PoliticaPrivacidade/a_Poltica de comercializao e p' is clicked on

2018-01-25 17:58:19 - [TEST_STEP][PASSED] - doubleClick: Object: 'Object Repository/Verificar PoliticaPrivacidade/p_Este documento tem como obje' is double clicked on

2018-01-25 17:58:19 - [MESSAGE][PASSED] - Object: 'Object Repository/Verificar PoliticaPrivacidade/p_Este documento tem como obje' is double clicked on

2018-01-25 17:58:19 - [TEST_STEP][PASSED] - closeBrowser: Browser is closed

2018-01-25 17:58:20 - [MESSAGE][PASSED] - Browser is closed]]></system-out>
         <system-err><![CDATA[]]></system-err>
      </testcase>
      <system-out><![CDATA[2018-01-25 17:58:00 - [TEST_SUITE][PASSED] - Validacao Campos: Test Cases/Verificar PoliticasPrivacidade]]></system-out>
      <system-err><![CDATA[]]></system-err>
   </testsuite>
</testsuites>
